#
# There is insufficient memory for the Java Runtime Environment to continue.
# Native memory allocation (malloc) failed to allocate 565296 bytes for Chunk::new
# Possible reasons:
#   The system is out of physical RAM or swap space
#   In 32 bit mode, the process size limit was hit
# Possible solutions:
#   Reduce memory load on the system
#   Increase physical memory or swap space
#   Check if swap backing store is full
#   Use 64 bit Java on a 64 bit OS
#   Decrease Java heap size (-Xmx/-Xms)
#   Decrease number of Java threads
#   Decrease Java thread stack sizes (-Xss)
#   Set larger code cache with -XX:ReservedCodeCacheSize=
# This output file may be truncated or incomplete.
#
#  Out of Memory Error (allocation.cpp:323), pid=3852, tid=1320
#
# JRE version: Java(TM) SE Runtime Environment (7.0_79-b15) (build 1.7.0_79-b15)
# Java VM: Java HotSpot(TM) 64-Bit Server VM (24.79-b02 mixed mode windows-amd64 compressed oops)
# Failed to write core dump. Minidumps are not enabled by default on client versions of Windows
#

---------------  T H R E A D  ---------------

Current thread (0x00000000080da800):  JavaThread "C2 CompilerThread0" daemon [_thread_in_native, id=1320, stack(0x0000000009680000,0x0000000009780000)]

Stack: [0x0000000009680000,0x0000000009780000]
[error occurred during error reporting (printing stack bounds), id 0xc0000005]


[error occurred during error reporting (printing native stack), id 0xc0000005]


Current CompileTask:
C2:   1381  122             com.android.dx.ssa.SsaConverter::placePhiFunctions (394 bytes)


---------------  P R O C E S S  ---------------

Java Threads: ( => current thread )
  0x0000000009b7e800 JavaThread "pool-1-thread-4" [_thread_in_Java, id=4024, stack(0x000000000a280000,0x000000000a380000)]
  0x0000000009cc3800 JavaThread "pool-1-thread-3" [_thread_in_Java, id=6440, stack(0x000000000a180000,0x000000000a280000)]
  0x000000000814e800 JavaThread "pool-1-thread-2" [_thread_in_Java, id=6000, stack(0x000000000a080000,0x000000000a180000)]
  0x000000000814d800 JavaThread "pool-2-thread-1" [_thread_blocked, id=460, stack(0x0000000009f80000,0x000000000a080000)]
  0x0000000009bc7800 JavaThread "pool-1-thread-1" [_thread_blocked, id=6532, stack(0x0000000009e80000,0x0000000009f80000)]
  0x00000000080ee800 JavaThread "Service Thread" daemon [_thread_blocked, id=6604, stack(0x0000000009880000,0x0000000009980000)]
  0x00000000080dc000 JavaThread "C2 CompilerThread1" daemon [_thread_in_native, id=1784, stack(0x0000000009780000,0x0000000009880000)]
=>0x00000000080da800 JavaThread "C2 CompilerThread0" daemon [_thread_in_native, id=1320, stack(0x0000000009680000,0x0000000009780000)]
  0x00000000080d9800 JavaThread "Attach Listener" daemon [_thread_blocked, id=3964, stack(0x0000000009580000,0x0000000009680000)]
  0x00000000080d6800 JavaThread "Signal Dispatcher" daemon [_thread_blocked, id=7128, stack(0x0000000009480000,0x0000000009580000)]
  0x0000000008099800 JavaThread "Finalizer" daemon [_thread_blocked, id=200, stack(0x0000000009360000,0x0000000009460000)]
  0x0000000008096000 JavaThread "Reference Handler" daemon [_thread_blocked, id=1876, stack(0x0000000009260000,0x0000000009360000)]
  0x00000000008ad800 JavaThread "main" [_thread_in_Java, id=6032, stack(0x0000000002020000,0x0000000002120000)]

Other Threads:
  0x0000000008092000 VMThread [stack: 0x0000000009160000,0x0000000009260000] [id=2696]
  0x00000000080f9000 WatcherThread [stack: 0x0000000009980000,0x0000000009a80000] [id=4040]

VM state:not at safepoint (normal execution)

VM Mutex/Monitor currently owned by a thread: None

Heap
 PSYoungGen      total 18944K, used 5889K [0x00000000eaa80000, 0x00000000ebf80000, 0x0000000100000000)
  eden space 16384K, 20% used [0x00000000eaa80000,0x00000000eadc29a0,0x00000000eba80000)
  from space 2560K, 99% used [0x00000000eba80000,0x00000000ebcfdc78,0x00000000ebd00000)
  to   space 2560K, 0% used [0x00000000ebd00000,0x00000000ebd00000,0x00000000ebf80000)
 ParOldGen       total 42496K, used 1643K [0x00000000c0000000, 0x00000000c2980000, 0x00000000eaa80000)
  object space 42496K, 3% used [0x00000000c0000000,0x00000000c019af30,0x00000000c2980000)
 PSPermGen       total 21504K, used 5715K [0x00000000bae00000, 0x00000000bc300000, 0x00000000c0000000)
  object space 21504K, 26% used [0x00000000bae00000,0x00000000bb394e90,0x00000000bc300000)

Card table byte_map: [0x00000000052e0000,0x0000000005510000] byte_map_base: 0x0000000004d09000

Polling page: 0x0000000000850000

Code Cache  [0x0000000002220000, 0x0000000002490000, 0x0000000005220000)
 total_blobs=380 nmethods=143 adapters=189 free_code_cache=48538Kb largest_free_block=49677056

Compilation events (10 events):
Event: 1.368 Thread 0x00000000080dc000 nmethod 139 0x00000000022b9a90 code [0x00000000022b9be0, 0x00000000022b9ff8]
Event: 1.368 Thread 0x00000000080dc000  140             com.android.dx.ssa.DeadCodeRemover::hasSideEffect (11 bytes)
Event: 1.371 Thread 0x00000000080dc000 nmethod 140 0x00000000022b9610 code [0x00000000022b9760, 0x00000000022b98c8]
Event: 1.371 Thread 0x00000000080dc000  141             java.util.Collections$UnmodifiableCollection$1::hasNext (10 bytes)
Event: 1.372 Thread 0x00000000080dc000 nmethod 141 0x00000000022bc710 code [0x00000000022bc860, 0x00000000022bc918]
Event: 1.372 Thread 0x00000000080dc000  142             com.android.dx.ssa.SsaInsn::getBlock (5 bytes)
Event: 1.372 Thread 0x00000000080dc000 nmethod 142 0x00000000022b7ed0 code [0x00000000022b8000, 0x00000000022b8058]
Event: 1.372 Thread 0x00000000080dc000  143             java.lang.Object::equals (11 bytes)
Event: 1.373 Thread 0x00000000080dc000 nmethod 143 0x00000000022bc510 code [0x00000000022bc640, 0x00000000022bc698]
Event: 1.373 Thread 0x00000000080dc000  144             java.util.ArrayList::remove (77 bytes)

GC Heap History (2 events):
Event: 1.253 GC heap before
{Heap before GC invocations=1 (full 0):
 PSYoungGen      total 18944K, used 16384K [0x00000000eaa80000, 0x00000000ebf80000, 0x0000000100000000)
  eden space 16384K, 100% used [0x00000000eaa80000,0x00000000eba80000,0x00000000eba80000)
  from space 2560K, 0% used [0x00000000ebd00000,0x00000000ebd00000,0x00000000ebf80000)
  to   space 2560K, 0% used [0x00000000eba80000,0x00000000eba80000,0x00000000ebd00000)
 ParOldGen       total 42496K, used 0K [0x00000000c0000000, 0x00000000c2980000, 0x00000000eaa80000)
  object space 42496K, 0% used [0x00000000c0000000,0x00000000c0000000,0x00000000c2980000)
 PSPermGen       total 21504K, used 5664K [0x00000000bae00000, 0x00000000bc300000, 0x00000000c0000000)
  object space 21504K, 26% used [0x00000000bae00000,0x00000000bb388290,0x00000000bc300000)
Event: 1.314 GC heap after
Heap after GC invocations=1 (full 0):
 PSYoungGen      total 18944K, used 2551K [0x00000000eaa80000, 0x00000000ebf80000, 0x0000000100000000)
  eden space 16384K, 0% used [0x00000000eaa80000,0x00000000eaa80000,0x00000000eba80000)
  from space 2560K, 99% used [0x00000000eba80000,0x00000000ebcfdc78,0x00000000ebd00000)
  to   space 2560K, 0% used [0x00000000ebd00000,0x00000000ebd00000,0x00000000ebf80000)
 ParOldGen       total 42496K, used 1643K [0x00000000c0000000, 0x00000000c2980000, 0x00000000eaa80000)
  object space 42496K, 3% used [0x00000000c0000000,0x00000000c019af30,0x00000000c2980000)
 PSPermGen       total 21504K, used 5664K [0x00000000bae00000, 0x00000000bc300000, 0x00000000c0000000)
  object space 21504K, 26% used [0x00000000bae00000,0x00000000bb388290,0x00000000bc300000)
}

Deoptimization events (1 events):
Event: 0.872 Thread 0x0000000009b7e800 Uncommon trap: reason=null_check action=make_not_entrant pc=0x0000000002299d90 method=com.android.dx.rop.code.LocalItem.equals(Ljava/lang/Object;)Z @ 1

Internal exceptions (10 events):
Event: 0.596 Thread 0x0000000009bc7800 Threw 0x00000000eb369e58 at C:\re\jdk7u79\2331\hotspot\src\share\vm\prims\jvm.cpp:1304
Event: 0.611 Thread 0x0000000009bc7800 Threw 0x00000000eb396740 at C:\re\jdk7u79\2331\hotspot\src\share\vm\prims\jvm.cpp:1304
Event: 0.615 Thread 0x0000000009cc3800 Threw 0x00000000eb3206e0 at C:\re\jdk7u79\2331\hotspot\src\share\vm\prims\jvm.cpp:1304
Event: 0.635 Thread 0x00000000008ad800 Threw 0x00000000eb1a06b8 at C:\re\jdk7u79\2331\hotspot\src\share\vm\prims\jvm.cpp:1304
Event: 0.644 Thread 0x000000000814e800 Threw 0x00000000eb256860 at C:\re\jdk7u79\2331\hotspot\src\share\vm\prims\jvm.cpp:1304
Event: 0.646 Thread 0x0000000009b7e800 Threw 0x00000000eb3e8280 at C:\re\jdk7u79\2331\hotspot\src\share\vm\prims\jvm.cpp:1304
Event: 0.840 Thread 0x00000000008ad800 Threw 0x00000000eb62b538 at C:\re\jdk7u79\2331\hotspot\src\share\vm\prims\jvm.cpp:1304
Event: 0.841 Thread 0x00000000008ad800 Threw 0x00000000eb630e18 at C:\re\jdk7u79\2331\hotspot\src\share\vm\prims\jvm.cpp:1304
Event: 0.872 Thread 0x0000000009b7e800 Implicit null exception at 0x0000000002299a38 to 0x0000000002299d79
Event: 1.109 Thread 0x000000000814e800 Threw 0x00000000eb9492e0 at C:\re\jdk7u79\2331\hotspot\src\share\vm\prims\jvm.cpp:1304

Events (10 events):
Event: 1.018 loading class 0x00000000021964a0
Event: 1.018 loading class 0x00000000021964a0 done
Event: 1.109 loading class 0x0000000009bc65f0
Event: 1.109 loading class 0x0000000009bc65f0 done
Event: 1.145 Executing VM operation: ParallelGCFailedAllocation
Event: 1.314 Executing VM operation: ParallelGCFailedAllocation done
Event: 1.357 loading class 0x00000000080fcc60
Event: 1.357 loading class 0x00000000080fcc60 done
Event: 1.357 loading class 0x00000000080fcc30
Event: 1.357 loading class 0x00000000080fcc30 done


Dynamic libraries:
0x00007ff622d10000 - 0x00007ff622d43000 	C:\Program Files\Java\jdk1.7.0_79\bin\java.exe
0x00007ff81a410000 - 0x00007ff81a5b9000 	C:\Windows\SYSTEM32\ntdll.dll
0x00007ff819700000 - 0x00007ff819839000 	C:\Windows\system32\KERNEL32.DLL
0x00007ff817960000 - 0x00007ff817a6e000 	C:\Windows\system32\KERNELBASE.dll
0x00007ff8163c0000 - 0x00007ff81644b000 	C:\Windows\system32\apphelp.dll
0x00007ff809db0000 - 0x00007ff809dff000 	C:\Windows\AppPatch\AppPatch64\AcGenral.DLL
0x00007ff81a060000 - 0x00007ff81a107000 	C:\Windows\system32\msvcrt.dll
0x00007ff8175d0000 - 0x00007ff8175fb000 	C:\Windows\SYSTEM32\SspiCli.dll
0x00007ff819980000 - 0x00007ff8199d1000 	C:\Windows\system32\SHLWAPI.dll
0x00007ff819bc0000 - 0x00007ff819d31000 	C:\Windows\system32\USER32.dll
0x00007ff819170000 - 0x00007ff8192e6000 	C:\Windows\system32\ole32.dll
0x00007ff817d60000 - 0x00007ff819170000 	C:\Windows\system32\SHELL32.dll
0x00007ff816e00000 - 0x00007ff816e1f000 	C:\Windows\SYSTEM32\USERENV.dll
0x00007ff819360000 - 0x00007ff819405000 	C:\Windows\system32\ADVAPI32.dll
0x00007ff80fa30000 - 0x00007ff80fa4b000 	C:\Windows\SYSTEM32\MPR.dll
0x00007ff819e10000 - 0x00007ff819f46000 	C:\Windows\system32\RPCRT4.dll
0x00007ff81a3a0000 - 0x00007ff81a3f7000 	C:\Windows\SYSTEM32\sechost.dll
0x00007ff81a1c0000 - 0x00007ff81a397000 	C:\Windows\SYSTEM32\combase.dll
0x00007ff8195b0000 - 0x00007ff8196f5000 	C:\Windows\system32\GDI32.dll
0x00007ff817790000 - 0x00007ff8177a4000 	C:\Windows\SYSTEM32\profapi.dll
0x00007ff815de0000 - 0x00007ff815e81000 	C:\Windows\SYSTEM32\SHCORE.dll
0x00007ff817d00000 - 0x00007ff817d34000 	C:\Windows\system32\IMM32.DLL
0x00007ff819840000 - 0x00007ff819978000 	C:\Windows\system32\MSCTF.dll
0x00007ff8153f0000 - 0x00007ff81564a000 	C:\Windows\WinSxS\amd64_microsoft.windows.common-controls_6595b64144ccf1df_6.0.9600.16384_none_62475f7becb72503\COMCTL32.dll
0x000000005aad0000 - 0x000000005aba2000 	C:\Program Files\Java\jdk1.7.0_79\jre\bin\msvcr100.dll
0x000000005af70000 - 0x000000005b745000 	C:\Program Files\Java\jdk1.7.0_79\jre\bin\server\jvm.dll
0x00007ff815b40000 - 0x00007ff815b49000 	C:\Windows\SYSTEM32\WSOCK32.dll
0x00007ff8153c0000 - 0x00007ff8153df000 	C:\Windows\SYSTEM32\WINMM.dll
0x00007ff819f50000 - 0x00007ff819f57000 	C:\Windows\system32\PSAPI.DLL
0x00007ff81a000000 - 0x00007ff81a058000 	C:\Windows\system32\WS2_32.dll
0x00007ff815390000 - 0x00007ff8153ba000 	C:\Windows\SYSTEM32\WINMMBASE.dll
0x00007ff819d40000 - 0x00007ff819d49000 	C:\Windows\system32\NSI.dll
0x00007ff817910000 - 0x00007ff81795a000 	C:\Windows\SYSTEM32\cfgmgr32.dll
0x00007ff816610000 - 0x00007ff816636000 	C:\Windows\SYSTEM32\DEVOBJ.dll
0x000000005c0c0000 - 0x000000005c0cf000 	C:\Program Files\Java\jdk1.7.0_79\jre\bin\verify.dll
0x000000005af40000 - 0x000000005af68000 	C:\Program Files\Java\jdk1.7.0_79\jre\bin\java.dll
0x000000005af20000 - 0x000000005af35000 	C:\Program Files\Java\jdk1.7.0_79\jre\bin\zip.dll
0x000000005af00000 - 0x000000005af1a000 	C:\Program Files\Java\jdk1.7.0_79\jre\bin\net.dll
0x00007ff817050000 - 0x00007ff8170a8000 	C:\Windows\system32\mswsock.dll
0x000000005aee0000 - 0x000000005aef1000 	C:\Program Files\Java\jdk1.7.0_79\jre\bin\nio.dll

VM Arguments:
jvm_args: -Djava.awt.headless=true -Xmx1024M -Dfile.encoding=windows-1250 -Duser.country=US -Duser.language=en -Duser.variant 
java_command: com.android.dx.command.Main --dex --num-threads=4 --output D:\Scoala\C.S.I.E III - Sem2\Licenta\CodeSource\Ridesharing\app\build\intermediates\pre-dexed\debug\com.google.android.gms-play-services-base-8.3.0_d40767d412e48102991c17b014972c88703d9840.jar D:\Scoala\C.S.I.E III - Sem2\Licenta\CodeSource\Ridesharing\app\build\intermediates\exploded-aar\com.google.android.gms\play-services-base\8.3.0\jars\classes.jar
Launcher Type: SUN_STANDARD

Environment Variables:
PATH=C:\ProgramData\Oracle\Java\javapath;C:\Program Files (x86)\Intel\iCLS Client\;C:\Program Files\Intel\iCLS Client\;C:\Windows\system32;C:\Windows;C:\Windows\System32\Wbem;C:\Windows\System32\WindowsPowerShell\v1.0\;C:\Program Files (x86)\ATI Technologies\ATI.ACE\Core-Static;C:\Program Files\Intel\Intel(R) Management Engine Components\DAL;C:\Program Files\Intel\Intel(R) Management Engine Components\IPT;C:\Program Files (x86)\Intel\Intel(R) Management Engine Components\DAL;C:\Program Files (x86)\Intel\Intel(R) Management Engine Components\IPT;C:\Program Files (x86)\Windows Kits\8.1\Windows Performance Toolkit\;C:\Program Files\Microsoft SQL Server\110\Tools\Binn\;C:\Program Files (x86)\AMD\ATI.ACE\Core-Static;C:\Program Files (x86)\Windows Live\Shared
USERNAME=Silviu086
OS=Windows_NT
PROCESSOR_IDENTIFIER=Intel64 Family 6 Model 58 Stepping 9, GenuineIntel



---------------  S Y S T E M  ---------------

OS: Windows 8.1 , 64 bit Build 9600 

CPU:total 4 (2 cores per cpu, 2 threads per core) family 6 model 58 stepping 9, cmov, cx8, fxsr, mmx, sse, sse2, sse3, ssse3, sse4.1, sse4.2, popcnt, avx, aes, erms, ht, tsc, tscinvbit, tscinv

Memory: 4k page, physical 4092772k(241988k free), swap 6742792k(5428k free)

vm_info: Java HotSpot(TM) 64-Bit Server VM (24.79-b02) for windows-amd64 JRE (1.7.0_79-b15), built on Apr 10 2015 12:36:16 by "java_re" with unknown MS VC++:1600

time: Thu Jul 07 20:55:43 2016
elapsed time: 1 seconds

