#
# There is insufficient memory for the Java Runtime Environment to continue.
# Native memory allocation (malloc) failed to allocate 90736 bytes for Chunk::new
# Possible reasons:
#   The system is out of physical RAM or swap space
#   In 32 bit mode, the process size limit was hit
# Possible solutions:
#   Reduce memory load on the system
#   Increase physical memory or swap space
#   Check if swap backing store is full
#   Use 64 bit Java on a 64 bit OS
#   Decrease Java heap size (-Xmx/-Xms)
#   Decrease number of Java threads
#   Decrease Java thread stack sizes (-Xss)
#   Set larger code cache with -XX:ReservedCodeCacheSize=
# This output file may be truncated or incomplete.
#
#  Out of Memory Error (allocation.cpp:323), pid=6464, tid=180
#
# JRE version: Java(TM) SE Runtime Environment (7.0_79-b15) (build 1.7.0_79-b15)
# Java VM: Java HotSpot(TM) 64-Bit Server VM (24.79-b02 mixed mode windows-amd64 compressed oops)
# Failed to write core dump. Minidumps are not enabled by default on client versions of Windows
#

---------------  T H R E A D  ---------------

Current thread (0x0000000007d55000):  JavaThread "C2 CompilerThread0" daemon [_thread_in_native, id=180, stack(0x00000000092d0000,0x00000000093d0000)]

Stack: [0x00000000092d0000,0x00000000093d0000]
[error occurred during error reporting (printing stack bounds), id 0xc0000005]


Current CompileTask:
C2:   4694  427   !         com.android.dx.cf.code.Ropper::processBlock (1101 bytes)


---------------  P R O C E S S  ---------------

Java Threads: ( => current thread )
  0x00000000098a6800 JavaThread "pool-1-thread-4" [_thread_in_vm, id=2008, stack(0x0000000009ed0000,0x0000000009fd0000)]
  0x00000000098a6000 JavaThread "pool-1-thread-3" [_thread_in_Java, id=4968, stack(0x0000000009dd0000,0x0000000009ed0000)]
  0x00000000098a5800 JavaThread "pool-1-thread-2" [_thread_blocked, id=4904, stack(0x0000000009cd0000,0x0000000009dd0000)]
  0x0000000009761000 JavaThread "pool-2-thread-1" [_thread_blocked, id=892, stack(0x0000000009bd0000,0x0000000009cd0000)]
  0x0000000009892800 JavaThread "pool-1-thread-1" [_thread_in_Java, id=2472, stack(0x0000000009ad0000,0x0000000009bd0000)]
  0x0000000007d61800 JavaThread "Service Thread" daemon [_thread_blocked, id=5452, stack(0x00000000094d0000,0x00000000095d0000)]
  0x0000000007d5f000 JavaThread "C2 CompilerThread1" daemon [_thread_in_native, id=4952, stack(0x00000000093d0000,0x00000000094d0000)]
=>0x0000000007d55000 JavaThread "C2 CompilerThread0" daemon [_thread_in_native, id=180, stack(0x00000000092d0000,0x00000000093d0000)]
  0x0000000007d54000 JavaThread "Attach Listener" daemon [_thread_blocked, id=2400, stack(0x00000000091d0000,0x00000000092d0000)]
  0x0000000007d50800 JavaThread "Signal Dispatcher" daemon [_thread_blocked, id=1632, stack(0x00000000090d0000,0x00000000091d0000)]
  0x0000000007d1f000 JavaThread "Finalizer" daemon [_thread_blocked, id=6432, stack(0x0000000008fd0000,0x00000000090d0000)]
  0x0000000007d15800 JavaThread "Reference Handler" daemon [_thread_blocked, id=6284, stack(0x0000000008ed0000,0x0000000008fd0000)]
  0x0000000001d9d800 JavaThread "main" [_thread_in_vm, id=6912, stack(0x0000000001c20000,0x0000000001d20000)]

Other Threads:
  0x0000000007d11800 VMThread [stack: 0x0000000008dd0000,0x0000000008ed0000] [id=4320]
  0x0000000007d70000 WatcherThread [stack: 0x00000000095d0000,0x00000000096d0000] [id=5380]

VM state:not at safepoint (normal execution)

VM Mutex/Monitor currently owned by a thread: None

Heap
 PSYoungGen      total 35328K, used 25844K [0x00000000eaa80000, 0x00000000eef80000, 0x0000000100000000)
  eden space 32768K, 71% used [0x00000000eaa80000,0x00000000ec13ec40,0x00000000eca80000)
  from space 2560K, 99% used [0x00000000eca80000,0x00000000eccfe410,0x00000000ecd00000)
  to   space 2560K, 0% used [0x00000000eed00000,0x00000000eed00000,0x00000000eef80000)
 ParOldGen       total 42496K, used 8787K [0x00000000c0000000, 0x00000000c2980000, 0x00000000eaa80000)
  object space 42496K, 20% used [0x00000000c0000000,0x00000000c0894f80,0x00000000c2980000)
 PSPermGen       total 21504K, used 5945K [0x00000000bae00000, 0x00000000bc300000, 0x00000000c0000000)
  object space 21504K, 27% used [0x00000000bae00000,0x00000000bb3ce7b8,0x00000000bc300000)

Card table byte_map: [0x0000000004f80000,0x00000000051b0000] byte_map_base: 0x00000000049a9000

Polling page: 0x0000000000370000

Code Cache  [0x0000000001ec0000, 0x0000000002130000, 0x0000000004ec0000)
 total_blobs=670 nmethods=433 adapters=189 free_code_cache=47335Kb largest_free_block=48418944

Compilation events (10 events):
Event: 4.621 Thread 0x0000000007d5f000 nmethod 431 0x0000000002078a10 code [0x0000000002078b40, 0x0000000002078bd8]
Event: 4.621 Thread 0x0000000007d5f000  432             com.android.dx.dex.code.RopTranslator::outputBlock (202 bytes)
Event: 4.663 Thread 0x0000000007d5f000 nmethod 432 0x000000000208f7d0 code [0x000000000208fa80, 0x0000000002090f20]
Event: 4.664 Thread 0x0000000007d5f000  433             com.android.dx.rop.code.LocalVariableInfo::getStarts (9 bytes)
Event: 4.665 Thread 0x0000000007d5f000 nmethod 433 0x0000000002078710 code [0x0000000002078840, 0x00000000020788f8]
Event: 4.665 Thread 0x0000000007d5f000  434             com.android.dx.dex.code.RopTranslator$TranslationVisitor::setBlock (11 bytes)
Event: 4.665 Thread 0x0000000007d5f000 nmethod 434 0x00000000020663d0 code [0x0000000002066500, 0x0000000002066578]
Event: 4.665 Thread 0x0000000007d5f000  435             com.android.dx.dex.code.BlockAddresses::getLast (10 bytes)
Event: 4.666 Thread 0x0000000007d5f000 nmethod 435 0x000000000207a4d0 code [0x000000000207a600, 0x000000000207a698]
Event: 4.666 Thread 0x0000000007d5f000  436   !         com.android.dx.cf.code.BytecodeArray::parseInstruction (2764 bytes)

GC Heap History (6 events):
Event: 1.715 GC heap before
{Heap before GC invocations=1 (full 0):
 PSYoungGen      total 18944K, used 16384K [0x00000000eaa80000, 0x00000000ebf80000, 0x0000000100000000)
  eden space 16384K, 100% used [0x00000000eaa80000,0x00000000eba80000,0x00000000eba80000)
  from space 2560K, 0% used [0x00000000ebd00000,0x00000000ebd00000,0x00000000ebf80000)
  to   space 2560K, 0% used [0x00000000eba80000,0x00000000eba80000,0x00000000ebd00000)
 ParOldGen       total 42496K, used 0K [0x00000000c0000000, 0x00000000c2980000, 0x00000000eaa80000)
  object space 42496K, 0% used [0x00000000c0000000,0x00000000c0000000,0x00000000c2980000)
 PSPermGen       total 21504K, used 5632K [0x00000000bae00000, 0x00000000bc300000, 0x00000000c0000000)
  object space 21504K, 26% used [0x00000000bae00000,0x00000000bb380188,0x00000000bc300000)
Event: 1.744 GC heap after
Heap after GC invocations=1 (full 0):
 PSYoungGen      total 18944K, used 2533K [0x00000000eaa80000, 0x00000000ecf80000, 0x0000000100000000)
  eden space 16384K, 0% used [0x00000000eaa80000,0x00000000eaa80000,0x00000000eba80000)
  from space 2560K, 98% used [0x00000000eba80000,0x00000000ebcf9608,0x00000000ebd00000)
  to   space 2560K, 0% used [0x00000000ecd00000,0x00000000ecd00000,0x00000000ecf80000)
 ParOldGen       total 42496K, used 1325K [0x00000000c0000000, 0x00000000c2980000, 0x00000000eaa80000)
  object space 42496K, 3% used [0x00000000c0000000,0x00000000c014b4d8,0x00000000c2980000)
 PSPermGen       total 21504K, used 5632K [0x00000000bae00000, 0x00000000bc300000, 0x00000000c0000000)
  object space 21504K, 26% used [0x00000000bae00000,0x00000000bb380188,0x00000000bc300000)
}
Event: 2.544 GC heap before
{Heap before GC invocations=2 (full 0):
 PSYoungGen      total 18944K, used 18917K [0x00000000eaa80000, 0x00000000ecf80000, 0x0000000100000000)
  eden space 16384K, 100% used [0x00000000eaa80000,0x00000000eba80000,0x00000000eba80000)
  from space 2560K, 98% used [0x00000000eba80000,0x00000000ebcf9608,0x00000000ebd00000)
  to   space 2560K, 0% used [0x00000000ecd00000,0x00000000ecd00000,0x00000000ecf80000)
 ParOldGen       total 42496K, used 1325K [0x00000000c0000000, 0x00000000c2980000, 0x00000000eaa80000)
  object space 42496K, 3% used [0x00000000c0000000,0x00000000c014b4d8,0x00000000c2980000)
 PSPermGen       total 21504K, used 5843K [0x00000000bae00000, 0x00000000bc300000, 0x00000000c0000000)
  object space 21504K, 27% used [0x00000000bae00000,0x00000000bb3b4de0,0x00000000bc300000)
Event: 2.578 GC heap after
Heap after GC invocations=2 (full 0):
 PSYoungGen      total 35328K, used 2534K [0x00000000eaa80000, 0x00000000ecf80000, 0x0000000100000000)
  eden space 32768K, 0% used [0x00000000eaa80000,0x00000000eaa80000,0x00000000eca80000)
  from space 2560K, 99% used [0x00000000ecd00000,0x00000000ecf79a58,0x00000000ecf80000)
  to   space 2560K, 0% used [0x00000000eca80000,0x00000000eca80000,0x00000000ecd00000)
 ParOldGen       total 42496K, used 3791K [0x00000000c0000000, 0x00000000c2980000, 0x00000000eaa80000)
  object space 42496K, 8% used [0x00000000c0000000,0x00000000c03b3f80,0x00000000c2980000)
 PSPermGen       total 21504K, used 5843K [0x00000000bae00000, 0x00000000bc300000, 0x00000000c0000000)
  object space 21504K, 27% used [0x00000000bae00000,0x00000000bb3b4de0,0x00000000bc300000)
}
Event: 4.382 GC heap before
{Heap before GC invocations=3 (full 0):
 PSYoungGen      total 35328K, used 35302K [0x00000000eaa80000, 0x00000000ecf80000, 0x0000000100000000)
  eden space 32768K, 100% used [0x00000000eaa80000,0x00000000eca80000,0x00000000eca80000)
  from space 2560K, 99% used [0x00000000ecd00000,0x00000000ecf79a58,0x00000000ecf80000)
  to   space 2560K, 0% used [0x00000000eca80000,0x00000000eca80000,0x00000000ecd00000)
 ParOldGen       total 42496K, used 3791K [0x00000000c0000000, 0x00000000c2980000, 0x00000000eaa80000)
  object space 42496K, 8% used [0x00000000c0000000,0x00000000c03b3f80,0x00000000c2980000)
 PSPermGen       total 21504K, used 5925K [0x00000000bae00000, 0x00000000bc300000, 0x00000000c0000000)
  object space 21504K, 27% used [0x00000000bae00000,0x00000000bb3c9520,0x00000000bc300000)
Event: 4.467 GC heap after
Heap after GC invocations=3 (full 0):
 PSYoungGen      total 35328K, used 2553K [0x00000000eaa80000, 0x00000000eef80000, 0x0000000100000000)
  eden space 32768K, 0% used [0x00000000eaa80000,0x00000000eaa80000,0x00000000eca80000)
  from space 2560K, 99% used [0x00000000eca80000,0x00000000eccfe410,0x00000000ecd00000)
  to   space 2560K, 0% used [0x00000000eed00000,0x00000000eed00000,0x00000000eef80000)
 ParOldGen       total 42496K, used 8787K [0x00000000c0000000, 0x00000000c2980000, 0x00000000eaa80000)
  object space 42496K, 20% used [0x00000000c0000000,0x00000000c0894f80,0x00000000c2980000)
 PSPermGen       total 21504K, used 5925K [0x00000000bae00000, 0x00000000bc300000, 0x00000000c0000000)
  object space 21504K, 27% used [0x00000000bae00000,0x00000000bb3c9520,0x00000000bc300000)
}

Deoptimization events (10 events):
Event: 3.400 Thread 0x00000000098a5800 Uncommon trap: reason=bimorphic action=maybe_recompile pc=0x0000000001fdd2d8 method=com.android.dx.cf.code.BytecodeArray.parseInstruction(ILcom/android/dx/cf/code/BytecodeArray$Visitor;)I @ 1501
Event: 3.488 Thread 0x0000000009892800 Uncommon trap: reason=uninitialized action=reinterpret pc=0x0000000001fc7b70 method=com.android.dx.cf.code.Ropper.processBlock(Lcom/android/dx/cf/code/ByteBlock;Lcom/android/dx/cf/code/Frame;[I)V @ 596
Event: 3.523 Thread 0x0000000001d9d800 Uncommon trap: reason=unloaded action=reinterpret pc=0x0000000001ff9d18 method=com.android.dx.cf.cst.ConstantPoolParser.parse0(ILjava/util/BitSet;)Lcom/android/dx/rop/cst/Constant; @ 198
Event: 3.587 Thread 0x0000000009892800 Uncommon trap: reason=bimorphic action=maybe_recompile pc=0x0000000002002c9c method=com.android.dx.ssa.LiteralOpUpgrader.tryReplacingWithConstant(Lcom/android/dx/ssa/NormalSsaInsn;)Z @ 52
Event: 4.180 Thread 0x00000000098a6000 Uncommon trap: reason=unreached action=reinterpret pc=0x00000000020598a8 method=com.android.dx.cf.code.RopperMachine.run(Lcom/android/dx/cf/code/Frame;II)V @ 1500
Event: 4.472 Thread 0x00000000098a6000 Uncommon trap: reason=bimorphic action=maybe_recompile pc=0x0000000002043078 method=com.android.dx.cf.code.BytecodeArray.parseInstruction(ILcom/android/dx/cf/code/BytecodeArray$Visitor;)I @ 1549
Event: 4.472 Thread 0x00000000098a6000 Uncommon trap: reason=bimorphic action=maybe_recompile pc=0x0000000002043078 method=com.android.dx.cf.code.BytecodeArray.parseInstruction(ILcom/android/dx/cf/code/BytecodeArray$Visitor;)I @ 1549
Event: 4.478 Thread 0x00000000098a6000 Uncommon trap: reason=null_check action=make_not_entrant pc=0x0000000001f873f8 method=com.android.dx.ssa.SsaRenamer.getLocalForNewReg(I)Lcom/android/dx/rop/code/LocalItem; @ 19
Event: 4.575 Thread 0x00000000098a5800 Uncommon trap: reason=class_check action=maybe_recompile pc=0x0000000002015c64 method=com.android.dx.ssa.SCCP.replaceConstants()V @ 127
Event: 4.619 Thread 0x00000000098a6000 Uncommon trap: reason=null_check action=make_not_entrant pc=0x00000000020891c8 method=com.android.dx.dex.file.MethodIdsSection.intern(Lcom/android/dx/rop/cst/CstBaseMethodRef;)Lcom/android/dx/dex/file/MethodIdItem; @ 26

Internal exceptions (10 events):
Event: 1.544 Thread 0x00000000098a6000 Threw 0x00000000eba2cca0 at C:\re\jdk7u79\2331\hotspot\src\share\vm\prims\jvm.cpp:1304
Event: 1.584 Thread 0x0000000009892800 Threw 0x00000000eb8a9500 at C:\re\jdk7u79\2331\hotspot\src\share\vm\prims\jvm.cpp:1304
Event: 1.748 Thread 0x0000000001d9d800 Threw 0x00000000eaabc218 at C:\re\jdk7u79\2331\hotspot\src\share\vm\prims\jvm.cpp:1304
Event: 1.812 Thread 0x0000000001d9d800 Threw 0x00000000ead97b70 at C:\re\jdk7u79\2331\hotspot\src\share\vm\prims\jvm.cpp:1304
Event: 2.201 Thread 0x00000000098a5800 Implicit null exception at 0x0000000001f69f92 to 0x0000000001f6a082
Event: 2.343 Thread 0x0000000001d9d800 Implicit null exception at 0x0000000001f94837 to 0x0000000001f94f21
Event: 2.748 Thread 0x00000000098a6800 Threw 0x00000000eaf37c30 at C:\re\jdk7u79\2331\hotspot\src\share\vm\prims\jvm.cpp:1304
Event: 4.478 Thread 0x00000000098a6000 Implicit null exception at 0x0000000001f86208 to 0x0000000001f873c9
Event: 4.619 Thread 0x00000000098a6000 Implicit null exception at 0x00000000020887cc to 0x00000000020891b9
Event: 4.673 Thread 0x00000000098a6800 Threw 0x00000000ebfa29a8 at C:\re\jdk7u79\2331\hotspot\src\share\vm\prims\jvm.cpp:1304

Events (10 events):
Event: 4.478 Thread 0x00000000098a6000 DEOPT UNPACKING pc=0x0000000001ef75a4 sp=0x0000000009ece7b0 mode 2
Event: 4.493 Thread 0x0000000007d5f000 flushing nmethod 0x0000000001f43f10
Event: 4.575 Thread 0x00000000098a5800 Uncommon trap: trap_request=0xffffffde fr.pc=0x0000000002015c64
Event: 4.575 Thread 0x00000000098a5800 DEOPT PACKING pc=0x0000000002015c64 sp=0x0000000009dcebf0
Event: 4.575 Thread 0x00000000098a5800 DEOPT UNPACKING pc=0x0000000001ef75a4 sp=0x0000000009dceb40 mode 2
Event: 4.619 Thread 0x00000000098a6000 Uncommon trap: trap_request=0xfffffff4 fr.pc=0x00000000020891c8
Event: 4.619 Thread 0x00000000098a6000 DEOPT PACKING pc=0x00000000020891c8 sp=0x0000000009ecee30
Event: 4.619 Thread 0x00000000098a6000 DEOPT UNPACKING pc=0x0000000001ef75a4 sp=0x0000000009eced88 mode 2
Event: 4.673 loading class 0x00000000099eaad0
Event: 4.673 loading class 0x00000000099eaad0 done


Dynamic libraries:
0x00007ff622d10000 - 0x00007ff622d43000 	C:\Program Files\Java\jdk1.7.0_79\bin\java.exe
0x00007ff81a410000 - 0x00007ff81a5b9000 	C:\Windows\SYSTEM32\ntdll.dll
0x00007ff819700000 - 0x00007ff819839000 	C:\Windows\system32\KERNEL32.DLL
0x00007ff817960000 - 0x00007ff817a6e000 	C:\Windows\system32\KERNELBASE.dll
0x00007ff8163c0000 - 0x00007ff81644b000 	C:\Windows\system32\apphelp.dll
0x00007ff809db0000 - 0x00007ff809dff000 	C:\Windows\AppPatch\AppPatch64\AcGenral.DLL
0x00007ff81a060000 - 0x00007ff81a107000 	C:\Windows\system32\msvcrt.dll
0x00007ff8175d0000 - 0x00007ff8175fb000 	C:\Windows\SYSTEM32\SspiCli.dll
0x00007ff819980000 - 0x00007ff8199d1000 	C:\Windows\system32\SHLWAPI.dll
0x00007ff819bc0000 - 0x00007ff819d31000 	C:\Windows\system32\USER32.dll
0x00007ff819170000 - 0x00007ff8192e6000 	C:\Windows\system32\ole32.dll
0x00007ff817d60000 - 0x00007ff819170000 	C:\Windows\system32\SHELL32.dll
0x00007ff816e00000 - 0x00007ff816e1f000 	C:\Windows\SYSTEM32\USERENV.dll
0x00007ff819360000 - 0x00007ff819405000 	C:\Windows\system32\ADVAPI32.dll
0x00007ff80fa30000 - 0x00007ff80fa4b000 	C:\Windows\SYSTEM32\MPR.dll
0x00007ff819e10000 - 0x00007ff819f46000 	C:\Windows\system32\RPCRT4.dll
0x00007ff81a3a0000 - 0x00007ff81a3f7000 	C:\Windows\SYSTEM32\sechost.dll
0x00007ff81a1c0000 - 0x00007ff81a397000 	C:\Windows\SYSTEM32\combase.dll
0x00007ff8195b0000 - 0x00007ff8196f5000 	C:\Windows\system32\GDI32.dll
0x00007ff817790000 - 0x00007ff8177a4000 	C:\Windows\SYSTEM32\profapi.dll
0x00007ff815de0000 - 0x00007ff815e81000 	C:\Windows\SYSTEM32\SHCORE.dll
0x00007ff817d00000 - 0x00007ff817d34000 	C:\Windows\system32\IMM32.DLL
0x00007ff819840000 - 0x00007ff819978000 	C:\Windows\system32\MSCTF.dll
0x00007ff8153f0000 - 0x00007ff81564a000 	C:\Windows\WinSxS\amd64_microsoft.windows.common-controls_6595b64144ccf1df_6.0.9600.16384_none_62475f7becb72503\COMCTL32.dll
0x000000005aad0000 - 0x000000005aba2000 	C:\Program Files\Java\jdk1.7.0_79\jre\bin\msvcr100.dll
0x000000005af70000 - 0x000000005b745000 	C:\Program Files\Java\jdk1.7.0_79\jre\bin\server\jvm.dll
0x00007ff815b40000 - 0x00007ff815b49000 	C:\Windows\SYSTEM32\WSOCK32.dll
0x00007ff8153c0000 - 0x00007ff8153df000 	C:\Windows\SYSTEM32\WINMM.dll
0x00007ff819f50000 - 0x00007ff819f57000 	C:\Windows\system32\PSAPI.DLL
0x00007ff81a000000 - 0x00007ff81a058000 	C:\Windows\system32\WS2_32.dll
0x00007ff815390000 - 0x00007ff8153ba000 	C:\Windows\SYSTEM32\WINMMBASE.dll
0x00007ff819d40000 - 0x00007ff819d49000 	C:\Windows\system32\NSI.dll
0x00007ff817910000 - 0x00007ff81795a000 	C:\Windows\SYSTEM32\cfgmgr32.dll
0x00007ff816610000 - 0x00007ff816636000 	C:\Windows\SYSTEM32\DEVOBJ.dll
0x000000005c0c0000 - 0x000000005c0cf000 	C:\Program Files\Java\jdk1.7.0_79\jre\bin\verify.dll
0x000000005af40000 - 0x000000005af68000 	C:\Program Files\Java\jdk1.7.0_79\jre\bin\java.dll
0x000000005af20000 - 0x000000005af35000 	C:\Program Files\Java\jdk1.7.0_79\jre\bin\zip.dll
0x000000005af00000 - 0x000000005af1a000 	C:\Program Files\Java\jdk1.7.0_79\jre\bin\net.dll
0x00007ff817050000 - 0x00007ff8170a8000 	C:\Windows\system32\mswsock.dll
0x000000005aee0000 - 0x000000005aef1000 	C:\Program Files\Java\jdk1.7.0_79\jre\bin\nio.dll

VM Arguments:
jvm_args: -Djava.awt.headless=true -Xmx1024M -Dfile.encoding=windows-1250 -Duser.country=US -Duser.language=en -Duser.variant 
java_command: com.android.dx.command.Main --dex --num-threads=4 --output D:\Scoala\C.S.I.E III - Sem2\Licenta\CodeSource\Ridesharing\app\build\intermediates\pre-dexed\debug\com.android.support-design-23.1.1_00e9de7b8d67566d6ca5d0892b8b4a6b3430ecc0.jar D:\Scoala\C.S.I.E III - Sem2\Licenta\CodeSource\Ridesharing\app\build\intermediates\exploded-aar\com.android.support\design\23.1.1\jars\classes.jar
Launcher Type: SUN_STANDARD

Environment Variables:
PATH=C:\ProgramData\Oracle\Java\javapath;C:\Program Files (x86)\Intel\iCLS Client\;C:\Program Files\Intel\iCLS Client\;C:\Windows\system32;C:\Windows;C:\Windows\System32\Wbem;C:\Windows\System32\WindowsPowerShell\v1.0\;C:\Program Files (x86)\ATI Technologies\ATI.ACE\Core-Static;C:\Program Files\Intel\Intel(R) Management Engine Components\DAL;C:\Program Files\Intel\Intel(R) Management Engine Components\IPT;C:\Program Files (x86)\Intel\Intel(R) Management Engine Components\DAL;C:\Program Files (x86)\Intel\Intel(R) Management Engine Components\IPT;C:\Program Files (x86)\Windows Kits\8.1\Windows Performance Toolkit\;C:\Program Files\Microsoft SQL Server\110\Tools\Binn\;C:\Program Files (x86)\AMD\ATI.ACE\Core-Static;C:\Program Files (x86)\Windows Live\Shared
USERNAME=Silviu086
OS=Windows_NT
PROCESSOR_IDENTIFIER=Intel64 Family 6 Model 58 Stepping 9, GenuineIntel



---------------  S Y S T E M  ---------------

OS: Windows 8.1 , 64 bit Build 9600 

CPU:total 4 (2 cores per cpu, 2 threads per core) family 6 model 58 stepping 9, cmov, cx8, fxsr, mmx, sse, sse2, sse3, ssse3, sse4.1, sse4.2, popcnt, avx, aes, erms, ht, tsc, tscinvbit, tscinv

Memory: 4k page, physical 4092772k(288028k free), swap 6742792k(5276k free)

vm_info: Java HotSpot(TM) 64-Bit Server VM (24.79-b02) for windows-amd64 JRE (1.7.0_79-b15), built on Apr 10 2015 12:36:16 by "java_re" with unknown MS VC++:1600

time: Thu Jul 07 20:56:47 2016
elapsed time: 4 seconds

