#
# There is insufficient memory for the Java Runtime Environment to continue.
# Native memory allocation (malloc) failed to allocate 94864 bytes for Chunk::new
# Possible reasons:
#   The system is out of physical RAM or swap space
#   In 32 bit mode, the process size limit was hit
# Possible solutions:
#   Reduce memory load on the system
#   Increase physical memory or swap space
#   Check if swap backing store is full
#   Use 64 bit Java on a 64 bit OS
#   Decrease Java heap size (-Xmx/-Xms)
#   Decrease number of Java threads
#   Decrease Java thread stack sizes (-Xss)
#   Set larger code cache with -XX:ReservedCodeCacheSize=
# This output file may be truncated or incomplete.
#
#  Out of Memory Error (allocation.cpp:323), pid=6648, tid=1324
#
# JRE version: Java(TM) SE Runtime Environment (7.0_79-b15) (build 1.7.0_79-b15)
# Java VM: Java HotSpot(TM) 64-Bit Server VM (24.79-b02 mixed mode windows-amd64 compressed oops)
# Failed to write core dump. Minidumps are not enabled by default on client versions of Windows
#

---------------  T H R E A D  ---------------

Current thread (0x00000000083d7800):  JavaThread "C2 CompilerThread0" daemon [_thread_in_native, id=1324, stack(0x0000000009980000,0x0000000009a80000)]

Stack: [0x0000000009980000,0x0000000009a80000]
[error occurred during error reporting (printing stack bounds), id 0xc0000005]


[error occurred during error reporting (printing native stack), id 0xc0000005]


Current CompileTask:
C2:   5188  154             com.android.dx.ssa.SsaMethod::mapRegisters (87 bytes)


---------------  P R O C E S S  ---------------

Java Threads: ( => current thread )
  0x0000000009f21800 JavaThread "pool-1-thread-4" [_thread_in_Java, id=6292, stack(0x000000000a580000,0x000000000a680000)]
  0x0000000009f51800 JavaThread "pool-1-thread-3" [_thread_in_Java, id=2800, stack(0x000000000a480000,0x000000000a580000)]
  0x0000000009f1c800 JavaThread "pool-1-thread-2" [_thread_blocked, id=7012, stack(0x000000000a380000,0x000000000a480000)]
  0x0000000009f5e000 JavaThread "pool-2-thread-1" [_thread_blocked, id=7036, stack(0x000000000a280000,0x000000000a380000)]
  0x0000000009f6a000 JavaThread "pool-1-thread-1" [_thread_in_Java, id=4512, stack(0x000000000a180000,0x000000000a280000)]
  0x00000000083e7800 JavaThread "Service Thread" daemon [_thread_blocked, id=3544, stack(0x0000000009b80000,0x0000000009c80000)]
  0x00000000083e1800 JavaThread "C2 CompilerThread1" daemon [_thread_in_native, id=2088, stack(0x0000000009a80000,0x0000000009b80000)]
=>0x00000000083d7800 JavaThread "C2 CompilerThread0" daemon [_thread_in_native, id=1324, stack(0x0000000009980000,0x0000000009a80000)]
  0x00000000083d6800 JavaThread "Attach Listener" daemon [_thread_blocked, id=3808, stack(0x0000000009880000,0x0000000009980000)]
  0x00000000083d3800 JavaThread "Signal Dispatcher" daemon [_thread_blocked, id=872, stack(0x0000000009780000,0x0000000009880000)]
  0x000000000839f000 JavaThread "Finalizer" daemon [_thread_blocked, id=3436, stack(0x0000000009660000,0x0000000009760000)]
  0x0000000008396000 JavaThread "Reference Handler" daemon [_thread_blocked, id=1308, stack(0x0000000009560000,0x0000000009660000)]
  0x0000000000add800 JavaThread "main" [_thread_blocked, id=4888, stack(0x0000000002340000,0x0000000002440000)]

Other Threads:
  0x0000000008392000 VMThread [stack: 0x0000000009460000,0x0000000009560000] [id=6236]
  0x00000000083f6000 WatcherThread [stack: 0x0000000009c80000,0x0000000009d80000] [id=712]

VM state:not at safepoint (normal execution)

VM Mutex/Monitor currently owned by a thread: None

Heap
 PSYoungGen      total 18944K, used 8093K [0x00000000eaa80000, 0x00000000ebf80000, 0x0000000100000000)
  eden space 16384K, 33% used [0x00000000eaa80000,0x00000000eafedb70,0x00000000eba80000)
  from space 2560K, 99% used [0x00000000eba80000,0x00000000ebcf9c68,0x00000000ebd00000)
  to   space 2560K, 0% used [0x00000000ebd00000,0x00000000ebd00000,0x00000000ebf80000)
 ParOldGen       total 42496K, used 1360K [0x00000000c0000000, 0x00000000c2980000, 0x00000000eaa80000)
  object space 42496K, 3% used [0x00000000c0000000,0x00000000c0154098,0x00000000c2980000)
 PSPermGen       total 21504K, used 5706K [0x00000000bae00000, 0x00000000bc300000, 0x00000000c0000000)
  object space 21504K, 26% used [0x00000000bae00000,0x00000000bb392b70,0x00000000bc300000)

Card table byte_map: [0x0000000005600000,0x0000000005830000] byte_map_base: 0x0000000005029000

Polling page: 0x00000000022b0000

Code Cache  [0x0000000002540000, 0x00000000027b0000, 0x0000000005540000)
 total_blobs=392 nmethods=155 adapters=189 free_code_cache=48522Kb largest_free_block=49660736

Compilation events (10 events):
Event: 5.168 Thread 0x00000000083e1800 nmethod 151 0x00000000025ddd10 code [0x00000000025dde60, 0x00000000025de278]
Event: 5.168 Thread 0x00000000083e1800  153  s          java.util.Vector::add (39 bytes)
Event: 5.170 Thread 0x00000000083d7800 nmethod 152 0x00000000025e00d0 code [0x00000000025e0220, 0x00000000025e0518]
Event: 5.170 Thread 0x00000000083d7800  154             com.android.dx.ssa.SsaMethod::mapRegisters (87 bytes)
Event: 5.171 Thread 0x00000000083e1800 nmethod 153 0x00000000025dfa10 code [0x00000000025dfb60, 0x00000000025dff48]
Event: 5.171 Thread 0x00000000083e1800  155             com.android.dx.rop.code.Insn::<init> (69 bytes)
Event: 5.172 Thread 0x00000000083e1800 nmethod 155 0x00000000025db990 code [0x00000000025dbac0, 0x00000000025dbbb8]
Event: 5.172 Thread 0x00000000083e1800  156             com.android.dx.util.MutabilityControl::throwIfMutable (18 bytes)
Event: 5.172 Thread 0x00000000083e1800 nmethod 156 0x00000000025d8550 code [0x00000000025d8680, 0x00000000025d86d8]
Event: 5.172 Thread 0x00000000083e1800  157             com.android.dx.ssa.SsaConverter::placePhiFunctions (394 bytes)

GC Heap History (2 events):
Event: 4.918 GC heap before
{Heap before GC invocations=1 (full 0):
 PSYoungGen      total 18944K, used 16384K [0x00000000eaa80000, 0x00000000ebf80000, 0x0000000100000000)
  eden space 16384K, 100% used [0x00000000eaa80000,0x00000000eba80000,0x00000000eba80000)
  from space 2560K, 0% used [0x00000000ebd00000,0x00000000ebd00000,0x00000000ebf80000)
  to   space 2560K, 0% used [0x00000000eba80000,0x00000000eba80000,0x00000000ebd00000)
 ParOldGen       total 42496K, used 0K [0x00000000c0000000, 0x00000000c2980000, 0x00000000eaa80000)
  object space 42496K, 0% used [0x00000000c0000000,0x00000000c0000000,0x00000000c2980000)
 PSPermGen       total 21504K, used 5639K [0x00000000bae00000, 0x00000000bc300000, 0x00000000c0000000)
  object space 21504K, 26% used [0x00000000bae00000,0x00000000bb381c20,0x00000000bc300000)
Event: 4.984 GC heap after
Heap after GC invocations=1 (full 0):
 PSYoungGen      total 18944K, used 2535K [0x00000000eaa80000, 0x00000000ebf80000, 0x0000000100000000)
  eden space 16384K, 0% used [0x00000000eaa80000,0x00000000eaa80000,0x00000000eba80000)
  from space 2560K, 99% used [0x00000000eba80000,0x00000000ebcf9c68,0x00000000ebd00000)
  to   space 2560K, 0% used [0x00000000ebd00000,0x00000000ebd00000,0x00000000ebf80000)
 ParOldGen       total 42496K, used 1360K [0x00000000c0000000, 0x00000000c2980000, 0x00000000eaa80000)
  object space 42496K, 3% used [0x00000000c0000000,0x00000000c0154098,0x00000000c2980000)
 PSPermGen       total 21504K, used 5639K [0x00000000bae00000, 0x00000000bc300000, 0x00000000c0000000)
  object space 21504K, 26% used [0x00000000bae00000,0x00000000bb381c20,0x00000000bc300000)
}

Deoptimization events (3 events):
Event: 4.384 Thread 0x0000000009f21800 Uncommon trap: reason=null_assert action=make_not_entrant pc=0x00000000025b4dc0 method=com.android.dx.rop.code.RegisterSpec$ForComparison.equals(Ljava/lang/Object;)Z @ 27
Event: 4.718 Thread 0x0000000009f1c800 Uncommon trap: reason=null_check action=make_not_entrant pc=0x00000000025c2314 method=com.android.dx.rop.code.LocalItem.equals(Ljava/lang/Object;)Z @ 1
Event: 4.759 Thread 0x0000000009f21800 Uncommon trap: reason=null_check action=make_not_entrant pc=0x00000000025bdbb0 method=com.android.dx.rop.code.LocalItem.equals(Ljava/lang/Object;)Z @ 1

Internal exceptions (10 events):
Event: 4.430 Thread 0x0000000009f1c800 Threw 0x00000000eb55d2f8 at C:\re\jdk7u79\2331\hotspot\src\share\vm\prims\jvm.cpp:1304
Event: 4.642 Thread 0x0000000000add800 Threw 0x00000000eb6f81a8 at C:\re\jdk7u79\2331\hotspot\src\share\vm\prims\jvm.cpp:1304
Event: 4.643 Thread 0x0000000000add800 Threw 0x00000000eb6fbaa8 at C:\re\jdk7u79\2331\hotspot\src\share\vm\prims\jvm.cpp:1304
Event: 4.718 Thread 0x0000000009f1c800 Implicit null exception at 0x00000000025c1fa1 to 0x00000000025c22f9
Event: 4.746 Thread 0x0000000000add800 Threw 0x00000000eb77c578 at C:\re\jdk7u79\2331\hotspot\src\share\vm\prims\jvm.cpp:1304
Event: 4.747 Thread 0x0000000000add800 Threw 0x00000000eb7864d0 at C:\re\jdk7u79\2331\hotspot\src\share\vm\prims\jvm.cpp:1304
Event: 4.748 Thread 0x0000000000add800 Threw 0x00000000eb788910 at C:\re\jdk7u79\2331\hotspot\src\share\vm\prims\jvm.cpp:1304
Event: 4.759 Thread 0x0000000009f21800 Implicit null exception at 0x00000000025bd52a to 0x00000000025bdb99
Event: 5.002 Thread 0x0000000000add800 Threw 0x00000000eab115f0 at C:\re\jdk7u79\2331\hotspot\src\share\vm\prims\jvm.cpp:1304
Event: 5.017 Thread 0x0000000009f21800 Threw 0x00000000eac45368 at C:\re\jdk7u79\2331\hotspot\src\share\vm\prims\jvm.cpp:1304

Events (10 events):
Event: 4.748 loading class 0x000000000a01a4c0 done
Event: 4.759 Thread 0x0000000009f21800 Uncommon trap: trap_request=0xfffffff4 fr.pc=0x00000000025bdbb0
Event: 4.759 Thread 0x0000000009f21800 DEOPT PACKING pc=0x00000000025bdbb0 sp=0x000000000a67e9a0
Event: 4.759 Thread 0x0000000009f21800 DEOPT UNPACKING pc=0x00000000025775a4 sp=0x000000000a67e730 mode 2
Event: 4.918 Executing VM operation: ParallelGCFailedAllocation
Event: 4.985 Executing VM operation: ParallelGCFailedAllocation done
Event: 5.002 loading class 0x0000000009dc28e0
Event: 5.002 loading class 0x0000000009dc28e0 done
Event: 5.017 loading class 0x0000000009e0c5e0
Event: 5.017 loading class 0x0000000009e0c5e0 done


Dynamic libraries:
0x00007ff7abd20000 - 0x00007ff7abd53000 	C:\Program Files\Java\jdk1.7.0_79\bin\java.exe
0x00007ffc67a30000 - 0x00007ffc67bd9000 	C:\Windows\SYSTEM32\ntdll.dll
0x00007ffc65820000 - 0x00007ffc65959000 	C:\Windows\system32\KERNEL32.DLL
0x00007ffc651b0000 - 0x00007ffc652be000 	C:\Windows\system32\KERNELBASE.dll
0x00007ffc639e0000 - 0x00007ffc63a6b000 	C:\Windows\system32\apphelp.dll
0x00007ffc53360000 - 0x00007ffc533af000 	C:\Windows\AppPatch\AppPatch64\AcGenral.DLL
0x00007ffc65cc0000 - 0x00007ffc65d67000 	C:\Windows\system32\msvcrt.dll
0x00007ffc64bf0000 - 0x00007ffc64c1b000 	C:\Windows\SYSTEM32\SspiCli.dll
0x00007ffc65b00000 - 0x00007ffc65b51000 	C:\Windows\system32\SHLWAPI.dll
0x00007ffc65fd0000 - 0x00007ffc66141000 	C:\Windows\system32\USER32.dll
0x00007ffc656a0000 - 0x00007ffc65816000 	C:\Windows\system32\ole32.dll
0x00007ffc66370000 - 0x00007ffc67780000 	C:\Windows\system32\SHELL32.dll
0x00007ffc64420000 - 0x00007ffc6443f000 	C:\Windows\SYSTEM32\USERENV.dll
0x00007ffc65b60000 - 0x00007ffc65c05000 	C:\Windows\system32\ADVAPI32.dll
0x00007ffc57c90000 - 0x00007ffc57cab000 	C:\Windows\SYSTEM32\MPR.dll
0x00007ffc67830000 - 0x00007ffc67966000 	C:\Windows\system32\RPCRT4.dll
0x00007ffc652c0000 - 0x00007ffc65317000 	C:\Windows\SYSTEM32\sechost.dll
0x00007ffc654c0000 - 0x00007ffc65697000 	C:\Windows\SYSTEM32\combase.dll
0x00007ffc65dc0000 - 0x00007ffc65f05000 	C:\Windows\system32\GDI32.dll
0x00007ffc64db0000 - 0x00007ffc64dc4000 	C:\Windows\SYSTEM32\profapi.dll
0x00007ffc63400000 - 0x00007ffc634a1000 	C:\Windows\SYSTEM32\SHCORE.dll
0x00007ffc65d70000 - 0x00007ffc65da4000 	C:\Windows\system32\IMM32.DLL
0x00007ffc65960000 - 0x00007ffc65a98000 	C:\Windows\system32\MSCTF.dll
0x00007ffc62b80000 - 0x00007ffc62dda000 	C:\Windows\WinSxS\amd64_microsoft.windows.common-controls_6595b64144ccf1df_6.0.9600.16384_none_62475f7becb72503\COMCTL32.dll
0x00000000660d0000 - 0x00000000661a2000 	C:\Program Files\Java\jdk1.7.0_79\jre\bin\msvcr100.dll
0x0000000066560000 - 0x0000000066d35000 	C:\Program Files\Java\jdk1.7.0_79\jre\bin\server\jvm.dll
0x00007ffc61ba0000 - 0x00007ffc61ba9000 	C:\Windows\SYSTEM32\WSOCK32.dll
0x00007ffc62980000 - 0x00007ffc6299f000 	C:\Windows\SYSTEM32\WINMM.dll
0x00007ffc65db0000 - 0x00007ffc65db7000 	C:\Windows\system32\PSAPI.DLL
0x00007ffc65f70000 - 0x00007ffc65fc8000 	C:\Windows\system32\WS2_32.dll
0x00007ffc628a0000 - 0x00007ffc628ca000 	C:\Windows\SYSTEM32\WINMMBASE.dll
0x00007ffc67820000 - 0x00007ffc67829000 	C:\Windows\system32\NSI.dll
0x00007ffc64e80000 - 0x00007ffc64eca000 	C:\Windows\SYSTEM32\cfgmgr32.dll
0x00007ffc63c30000 - 0x00007ffc63c56000 	C:\Windows\SYSTEM32\DEVOBJ.dll
0x0000000066550000 - 0x000000006655f000 	C:\Program Files\Java\jdk1.7.0_79\jre\bin\verify.dll
0x0000000066520000 - 0x0000000066548000 	C:\Program Files\Java\jdk1.7.0_79\jre\bin\java.dll
0x0000000066500000 - 0x0000000066515000 	C:\Program Files\Java\jdk1.7.0_79\jre\bin\zip.dll
0x00000000664e0000 - 0x00000000664fa000 	C:\Program Files\Java\jdk1.7.0_79\jre\bin\net.dll
0x00007ffc64670000 - 0x00007ffc646c8000 	C:\Windows\system32\mswsock.dll
0x00000000664c0000 - 0x00000000664d1000 	C:\Program Files\Java\jdk1.7.0_79\jre\bin\nio.dll

VM Arguments:
jvm_args: -Djava.awt.headless=true -Xmx1024M -Dfile.encoding=windows-1250 -Duser.country=US -Duser.language=en -Duser.variant 
java_command: com.android.dx.command.Main --dex --num-threads=4 --output D:\Scoala\C.S.I.E III - Sem2\Licenta\CodeSource\Ridesharing\app\build\intermediates\pre-dexed\debug\com.google.android.gms-play-services-auth-8.3.0_d2ab2f0081fcbd4855f189ac4dbc250e51866de4.jar D:\Scoala\C.S.I.E III - Sem2\Licenta\CodeSource\Ridesharing\app\build\intermediates\exploded-aar\com.google.android.gms\play-services-auth\8.3.0\jars\classes.jar
Launcher Type: SUN_STANDARD

Environment Variables:
PATH=C:\ProgramData\Oracle\Java\javapath;C:\Program Files (x86)\Intel\iCLS Client\;C:\Program Files\Intel\iCLS Client\;C:\Windows\system32;C:\Windows;C:\Windows\System32\Wbem;C:\Windows\System32\WindowsPowerShell\v1.0\;C:\Program Files (x86)\ATI Technologies\ATI.ACE\Core-Static;C:\Program Files\Intel\Intel(R) Management Engine Components\DAL;C:\Program Files\Intel\Intel(R) Management Engine Components\IPT;C:\Program Files (x86)\Intel\Intel(R) Management Engine Components\DAL;C:\Program Files (x86)\Intel\Intel(R) Management Engine Components\IPT;C:\Program Files (x86)\Windows Kits\8.1\Windows Performance Toolkit\;C:\Program Files\Microsoft SQL Server\110\Tools\Binn\;C:\Program Files (x86)\AMD\ATI.ACE\Core-Static;C:\Program Files (x86)\Windows Live\Shared
USERNAME=Silviu086
OS=Windows_NT
PROCESSOR_IDENTIFIER=Intel64 Family 6 Model 58 Stepping 9, GenuineIntel



---------------  S Y S T E M  ---------------

OS: Windows 8.1 , 64 bit Build 9600 

CPU:total 4 (2 cores per cpu, 2 threads per core) family 6 model 58 stepping 9, cmov, cx8, fxsr, mmx, sse, sse2, sse3, ssse3, sse4.1, sse4.2, popcnt, avx, aes, erms, ht, tsc, tscinvbit, tscinv

Memory: 4k page, physical 4092772k(326672k free), swap 6518304k(5228k free)

vm_info: Java HotSpot(TM) 64-Bit Server VM (24.79-b02) for windows-amd64 JRE (1.7.0_79-b15), built on Apr 10 2015 12:36:16 by "java_re" with unknown MS VC++:1600

time: Thu Jul 07 01:54:36 2016
elapsed time: 5 seconds

