#
# There is insufficient memory for the Java Runtime Environment to continue.
# Native memory allocation (malloc) failed to allocate 417296 bytes for Chunk::new
# Possible reasons:
#   The system is out of physical RAM or swap space
#   In 32 bit mode, the process size limit was hit
# Possible solutions:
#   Reduce memory load on the system
#   Increase physical memory or swap space
#   Check if swap backing store is full
#   Use 64 bit Java on a 64 bit OS
#   Decrease Java heap size (-Xmx/-Xms)
#   Decrease number of Java threads
#   Decrease Java thread stack sizes (-Xss)
#   Set larger code cache with -XX:ReservedCodeCacheSize=
# This output file may be truncated or incomplete.
#
#  Out of Memory Error (allocation.cpp:323), pid=5356, tid=4556
#
# JRE version: Java(TM) SE Runtime Environment (7.0_79-b15) (build 1.7.0_79-b15)
# Java VM: Java HotSpot(TM) 64-Bit Server VM (24.79-b02 mixed mode windows-amd64 compressed oops)
# Failed to write core dump. Minidumps are not enabled by default on client versions of Windows
#

---------------  T H R E A D  ---------------

Current thread (0x0000000008c7d000):  JavaThread "C2 CompilerThread0" daemon [_thread_in_native, id=4556, stack(0x000000000a1e0000,0x000000000a2e0000)]

Stack: [0x000000000a1e0000,0x000000000a2e0000]
[error occurred during error reporting (printing stack bounds), id 0xc0000005]


[error occurred during error reporting (printing native stack), id 0xc0000005]


Current CompileTask:
C2:   1094  114             com.android.dx.ssa.SsaMethod::forEachInsn (36 bytes)


---------------  P R O C E S S  ---------------

Java Threads: ( => current thread )
  0x000000000a7c9000 JavaThread "pool-1-thread-4" [_thread_in_Java, id=2536, stack(0x000000000ade0000,0x000000000aee0000)]
  0x000000000a83b800 JavaThread "pool-1-thread-3" [_thread_in_Java, id=6688, stack(0x000000000ace0000,0x000000000ade0000)]
  0x000000000a7c8000 JavaThread "pool-1-thread-2" [_thread_in_Java, id=352, stack(0x000000000abe0000,0x000000000ace0000)]
  0x000000000a7c7800 JavaThread "pool-2-thread-1" [_thread_blocked, id=7060, stack(0x000000000aae0000,0x000000000abe0000)]
  0x000000000a7c6800 JavaThread "pool-1-thread-1" [_thread_in_Java, id=1608, stack(0x000000000a9e0000,0x000000000aae0000)]
  0x0000000008c85800 JavaThread "Service Thread" daemon [_thread_blocked, id=2008, stack(0x000000000a3e0000,0x000000000a4e0000)]
  0x0000000008c7f000 JavaThread "C2 CompilerThread1" daemon [_thread_in_native, id=6888, stack(0x000000000a2e0000,0x000000000a3e0000)]
=>0x0000000008c7d000 JavaThread "C2 CompilerThread0" daemon [_thread_in_native, id=4556, stack(0x000000000a1e0000,0x000000000a2e0000)]
  0x0000000008c7c000 JavaThread "Attach Listener" daemon [_thread_blocked, id=1220, stack(0x000000000a0e0000,0x000000000a1e0000)]
  0x0000000008c79000 JavaThread "Signal Dispatcher" daemon [_thread_blocked, id=6224, stack(0x0000000009fe0000,0x000000000a0e0000)]
  0x0000000008c3f000 JavaThread "Finalizer" daemon [_thread_blocked, id=5428, stack(0x0000000009ee0000,0x0000000009fe0000)]
  0x0000000008c36000 JavaThread "Reference Handler" daemon [_thread_blocked, id=7164, stack(0x0000000009de0000,0x0000000009ee0000)]
  0x0000000002ddd800 JavaThread "main" [_thread_in_Java, id=1856, stack(0x0000000002a80000,0x0000000002b80000)]

Other Threads:
  0x0000000008c32000 VMThread [stack: 0x0000000009ce0000,0x0000000009de0000] [id=6460]
  0x0000000008c93800 WatcherThread [stack: 0x000000000a4e0000,0x000000000a5e0000] [id=6796]

VM state:not at safepoint (normal execution)

VM Mutex/Monitor currently owned by a thread: None

Heap
 PSYoungGen      total 18944K, used 8788K [0x00000000eaa80000, 0x00000000ebf80000, 0x0000000100000000)
  eden space 16384K, 38% used [0x00000000eaa80000,0x00000000eb09ada0,0x00000000eba80000)
  from space 2560K, 99% used [0x00000000eba80000,0x00000000ebcfa438,0x00000000ebd00000)
  to   space 2560K, 0% used [0x00000000ebd00000,0x00000000ebd00000,0x00000000ebf80000)
 ParOldGen       total 42496K, used 1057K [0x00000000c0000000, 0x00000000c2980000, 0x00000000eaa80000)
  object space 42496K, 2% used [0x00000000c0000000,0x00000000c0108630,0x00000000c2980000)
 PSPermGen       total 21504K, used 5674K [0x00000000bae00000, 0x00000000bc300000, 0x00000000c0000000)
  object space 21504K, 26% used [0x00000000bae00000,0x00000000bb38a820,0x00000000bc300000)

Card table byte_map: [0x0000000005ea0000,0x00000000060d0000] byte_map_base: 0x00000000058c9000

Polling page: 0x00000000011d0000

Code Cache  [0x0000000002de0000, 0x0000000003050000, 0x0000000005de0000)
 total_blobs=359 nmethods=122 adapters=189 free_code_cache=48585Kb largest_free_block=49728000

Compilation events (10 events):
Event: 1.078 Thread 0x0000000008c7f000 nmethod 119 0x0000000002e70250 code [0x0000000002e70380, 0x0000000002e703d8]
Event: 1.081 Thread 0x0000000008c7f000  120             java.util.ArrayList::remove (69 bytes)
Event: 1.083 Thread 0x0000000008c7f000 nmethod 120 0x0000000002e6fdd0 code [0x0000000002e6ff20, 0x0000000002e70098]
Event: 1.083 Thread 0x0000000008c7f000  121             com.android.dx.ssa.SsaBasicBlock::getSuccessorList (5 bytes)
Event: 1.083 Thread 0x0000000008c7f000 nmethod 121 0x0000000002e6fbd0 code [0x0000000002e6fd00, 0x0000000002e6fd58]
Event: 1.083 Thread 0x0000000008c7f000  122             com.android.dx.ssa.SsaBasicBlock::isReachable (29 bytes)
Event: 1.084 Thread 0x0000000008c7f000 nmethod 122 0x0000000002e6f910 code [0x0000000002e6fa60, 0x0000000002e6fb08]
Event: 1.084 Thread 0x0000000008c7f000  123             com.android.dx.rop.code.Insn::getResult (5 bytes)
Event: 1.084 Thread 0x0000000008c7f000 nmethod 123 0x0000000002e6f710 code [0x0000000002e6f840, 0x0000000002e6f898]
Event: 1.088 Thread 0x0000000008c7f000  124             com.android.dx.ssa.RegisterMapper::map (63 bytes)

GC Heap History (2 events):
Event: 0.827 GC heap before
{Heap before GC invocations=1 (full 0):
 PSYoungGen      total 18944K, used 16384K [0x00000000eaa80000, 0x00000000ebf80000, 0x0000000100000000)
  eden space 16384K, 100% used [0x00000000eaa80000,0x00000000eba80000,0x00000000eba80000)
  from space 2560K, 0% used [0x00000000ebd00000,0x00000000ebd00000,0x00000000ebf80000)
  to   space 2560K, 0% used [0x00000000eba80000,0x00000000eba80000,0x00000000ebd00000)
 ParOldGen       total 42496K, used 0K [0x00000000c0000000, 0x00000000c2980000, 0x00000000eaa80000)
  object space 42496K, 0% used [0x00000000c0000000,0x00000000c0000000,0x00000000c2980000)
 PSPermGen       total 21504K, used 5573K [0x00000000bae00000, 0x00000000bc300000, 0x00000000c0000000)
  object space 21504K, 25% used [0x00000000bae00000,0x00000000bb3716a8,0x00000000bc300000)
Event: 0.894 GC heap after
Heap after GC invocations=1 (full 0):
 PSYoungGen      total 18944K, used 2537K [0x00000000eaa80000, 0x00000000ebf80000, 0x0000000100000000)
  eden space 16384K, 0% used [0x00000000eaa80000,0x00000000eaa80000,0x00000000eba80000)
  from space 2560K, 99% used [0x00000000eba80000,0x00000000ebcfa438,0x00000000ebd00000)
  to   space 2560K, 0% used [0x00000000ebd00000,0x00000000ebd00000,0x00000000ebf80000)
 ParOldGen       total 42496K, used 1057K [0x00000000c0000000, 0x00000000c2980000, 0x00000000eaa80000)
  object space 42496K, 2% used [0x00000000c0000000,0x00000000c0108630,0x00000000c2980000)
 PSPermGen       total 21504K, used 5573K [0x00000000bae00000, 0x00000000bc300000, 0x00000000c0000000)
  object space 21504K, 25% used [0x00000000bae00000,0x00000000bb3716a8,0x00000000bc300000)
}

Deoptimization events (2 events):
Event: 1.057 Thread 0x000000000a83b800 Uncommon trap: reason=class_check action=maybe_recompile pc=0x0000000002e5f3c0 method=com.android.dx.ssa.NormalSsaInsn.accept(Lcom/android/dx/ssa/SsaInsn$Visitor;)V @ 9
Event: 1.062 Thread 0x0000000002ddd800 Uncommon trap: reason=null_check action=make_not_entrant pc=0x0000000002e68900 method=com.android.dx.rop.code.LocalItem.equals(Ljava/lang/Object;)Z @ 1

Internal exceptions (10 events):
Event: 0.661 Thread 0x0000000002ddd800 Threw 0x00000000eb8aa258 at C:\re\jdk7u79\2331\hotspot\src\share\vm\prims\jvm.cpp:1304
Event: 0.662 Thread 0x0000000002ddd800 Threw 0x00000000eb8ae908 at C:\re\jdk7u79\2331\hotspot\src\share\vm\prims\jvm.cpp:1304
Event: 0.662 Thread 0x0000000002ddd800 Threw 0x00000000eb8b1658 at C:\re\jdk7u79\2331\hotspot\src\share\vm\prims\jvm.cpp:1304
Event: 0.663 Thread 0x0000000002ddd800 Threw 0x00000000eb8b6bd0 at C:\re\jdk7u79\2331\hotspot\src\share\vm\prims\jvm.cpp:1304
Event: 0.664 Thread 0x0000000002ddd800 Threw 0x00000000eb8bbd10 at C:\re\jdk7u79\2331\hotspot\src\share\vm\prims\jvm.cpp:1304
Event: 0.664 Thread 0x000000000a7c6800 Threw 0x00000000eb5d4cb8 at C:\re\jdk7u79\2331\hotspot\src\share\vm\prims\jvm.cpp:1304
Event: 0.668 Thread 0x000000000a7c8000 Threw 0x00000000eb7044b0 at C:\re\jdk7u79\2331\hotspot\src\share\vm\prims\jvm.cpp:1304
Event: 0.669 Thread 0x000000000a7c6800 Threw 0x00000000eb5e14b0 at C:\re\jdk7u79\2331\hotspot\src\share\vm\prims\jvm.cpp:1304
Event: 0.670 Thread 0x000000000a7c8000 Threw 0x00000000eb70a910 at C:\re\jdk7u79\2331\hotspot\src\share\vm\prims\jvm.cpp:1304
Event: 1.062 Thread 0x0000000002ddd800 Implicit null exception at 0x0000000002e685a3 to 0x0000000002e688e5

Events (10 events):
Event: 1.057 loading class 0x0000000008c977c0
Event: 1.057 loading class 0x0000000008c977c0 done
Event: 1.057 loading class 0x0000000008c97790
Event: 1.057 loading class 0x0000000008c97790 done
Event: 1.057 Thread 0x000000000a83b800 Uncommon trap: trap_request=0xffffffde fr.pc=0x0000000002e5f3c0
Event: 1.057 Thread 0x000000000a83b800 DEOPT PACKING pc=0x0000000002e5f3c0 sp=0x000000000addeb40
Event: 1.057 Thread 0x000000000a83b800 DEOPT UNPACKING pc=0x0000000002e175a4 sp=0x000000000addea90 mode 2
Event: 1.062 Thread 0x0000000002ddd800 Uncommon trap: trap_request=0xfffffff4 fr.pc=0x0000000002e68900
Event: 1.062 Thread 0x0000000002ddd800 DEOPT PACKING pc=0x0000000002e68900 sp=0x0000000002b7e630
Event: 1.062 Thread 0x0000000002ddd800 DEOPT UNPACKING pc=0x0000000002e175a4 sp=0x0000000002b7e570 mode 2


Dynamic libraries:
0x00007ff622d10000 - 0x00007ff622d43000 	C:\Program Files\Java\jdk1.7.0_79\bin\java.exe
0x00007ff81a410000 - 0x00007ff81a5b9000 	C:\Windows\SYSTEM32\ntdll.dll
0x00007ff819700000 - 0x00007ff819839000 	C:\Windows\system32\KERNEL32.DLL
0x00007ff817960000 - 0x00007ff817a6e000 	C:\Windows\system32\KERNELBASE.dll
0x00007ff8163c0000 - 0x00007ff81644b000 	C:\Windows\system32\apphelp.dll
0x00007ff809db0000 - 0x00007ff809dff000 	C:\Windows\AppPatch\AppPatch64\AcGenral.DLL
0x00007ff81a060000 - 0x00007ff81a107000 	C:\Windows\system32\msvcrt.dll
0x00007ff8175d0000 - 0x00007ff8175fb000 	C:\Windows\SYSTEM32\SspiCli.dll
0x00007ff819980000 - 0x00007ff8199d1000 	C:\Windows\system32\SHLWAPI.dll
0x00007ff819bc0000 - 0x00007ff819d31000 	C:\Windows\system32\USER32.dll
0x00007ff819170000 - 0x00007ff8192e6000 	C:\Windows\system32\ole32.dll
0x00007ff817d60000 - 0x00007ff819170000 	C:\Windows\system32\SHELL32.dll
0x00007ff816e00000 - 0x00007ff816e1f000 	C:\Windows\SYSTEM32\USERENV.dll
0x00007ff819360000 - 0x00007ff819405000 	C:\Windows\system32\ADVAPI32.dll
0x00007ff80fa30000 - 0x00007ff80fa4b000 	C:\Windows\SYSTEM32\MPR.dll
0x00007ff819e10000 - 0x00007ff819f46000 	C:\Windows\system32\RPCRT4.dll
0x00007ff81a3a0000 - 0x00007ff81a3f7000 	C:\Windows\SYSTEM32\sechost.dll
0x00007ff81a1c0000 - 0x00007ff81a397000 	C:\Windows\SYSTEM32\combase.dll
0x00007ff8195b0000 - 0x00007ff8196f5000 	C:\Windows\system32\GDI32.dll
0x00007ff817790000 - 0x00007ff8177a4000 	C:\Windows\SYSTEM32\profapi.dll
0x00007ff815de0000 - 0x00007ff815e81000 	C:\Windows\SYSTEM32\SHCORE.dll
0x00007ff817d00000 - 0x00007ff817d34000 	C:\Windows\system32\IMM32.DLL
0x00007ff819840000 - 0x00007ff819978000 	C:\Windows\system32\MSCTF.dll
0x00007ff8153f0000 - 0x00007ff81564a000 	C:\Windows\WinSxS\amd64_microsoft.windows.common-controls_6595b64144ccf1df_6.0.9600.16384_none_62475f7becb72503\COMCTL32.dll
0x000000005aad0000 - 0x000000005aba2000 	C:\Program Files\Java\jdk1.7.0_79\jre\bin\msvcr100.dll
0x000000005af70000 - 0x000000005b745000 	C:\Program Files\Java\jdk1.7.0_79\jre\bin\server\jvm.dll
0x00007ff815b40000 - 0x00007ff815b49000 	C:\Windows\SYSTEM32\WSOCK32.dll
0x00007ff8153c0000 - 0x00007ff8153df000 	C:\Windows\SYSTEM32\WINMM.dll
0x00007ff819f50000 - 0x00007ff819f57000 	C:\Windows\system32\PSAPI.DLL
0x00007ff81a000000 - 0x00007ff81a058000 	C:\Windows\system32\WS2_32.dll
0x00007ff815390000 - 0x00007ff8153ba000 	C:\Windows\SYSTEM32\WINMMBASE.dll
0x00007ff819d40000 - 0x00007ff819d49000 	C:\Windows\system32\NSI.dll
0x00007ff817910000 - 0x00007ff81795a000 	C:\Windows\SYSTEM32\cfgmgr32.dll
0x00007ff816610000 - 0x00007ff816636000 	C:\Windows\SYSTEM32\DEVOBJ.dll
0x000000005c0c0000 - 0x000000005c0cf000 	C:\Program Files\Java\jdk1.7.0_79\jre\bin\verify.dll
0x000000005af40000 - 0x000000005af68000 	C:\Program Files\Java\jdk1.7.0_79\jre\bin\java.dll
0x000000005af20000 - 0x000000005af35000 	C:\Program Files\Java\jdk1.7.0_79\jre\bin\zip.dll
0x000000005af00000 - 0x000000005af1a000 	C:\Program Files\Java\jdk1.7.0_79\jre\bin\net.dll
0x00007ff817050000 - 0x00007ff8170a8000 	C:\Windows\system32\mswsock.dll
0x000000005aee0000 - 0x000000005aef1000 	C:\Program Files\Java\jdk1.7.0_79\jre\bin\nio.dll

VM Arguments:
jvm_args: -Djava.awt.headless=true -Xmx1024M -Dfile.encoding=windows-1250 -Duser.country=US -Duser.language=en -Duser.variant 
java_command: com.android.dx.command.Main --dex --num-threads=4 --output D:\Scoala\C.S.I.E III - Sem2\Licenta\CodeSource\Ridesharing\app\build\intermediates\pre-dexed\debug\com.google.android.gms-play-services-fitness-8.3.0_d44cdcfaf542d49df3cae002b6dcef658ef01955.jar D:\Scoala\C.S.I.E III - Sem2\Licenta\CodeSource\Ridesharing\app\build\intermediates\exploded-aar\com.google.android.gms\play-services-fitness\8.3.0\jars\classes.jar
Launcher Type: SUN_STANDARD

Environment Variables:
PATH=C:\ProgramData\Oracle\Java\javapath;C:\Program Files (x86)\Intel\iCLS Client\;C:\Program Files\Intel\iCLS Client\;C:\Windows\system32;C:\Windows;C:\Windows\System32\Wbem;C:\Windows\System32\WindowsPowerShell\v1.0\;C:\Program Files (x86)\ATI Technologies\ATI.ACE\Core-Static;C:\Program Files\Intel\Intel(R) Management Engine Components\DAL;C:\Program Files\Intel\Intel(R) Management Engine Components\IPT;C:\Program Files (x86)\Intel\Intel(R) Management Engine Components\DAL;C:\Program Files (x86)\Intel\Intel(R) Management Engine Components\IPT;C:\Program Files (x86)\Windows Kits\8.1\Windows Performance Toolkit\;C:\Program Files\Microsoft SQL Server\110\Tools\Binn\;C:\Program Files (x86)\AMD\ATI.ACE\Core-Static;C:\Program Files (x86)\Windows Live\Shared
USERNAME=Silviu086
OS=Windows_NT
PROCESSOR_IDENTIFIER=Intel64 Family 6 Model 58 Stepping 9, GenuineIntel



---------------  S Y S T E M  ---------------

OS: Windows 8.1 , 64 bit Build 9600 

CPU:total 4 (2 cores per cpu, 2 threads per core) family 6 model 58 stepping 9, cmov, cx8, fxsr, mmx, sse, sse2, sse3, ssse3, sse4.1, sse4.2, popcnt, avx, aes, erms, ht, tsc, tscinvbit, tscinv

Memory: 4k page, physical 4092772k(307328k free), swap 6742792k(5396k free)

vm_info: Java HotSpot(TM) 64-Bit Server VM (24.79-b02) for windows-amd64 JRE (1.7.0_79-b15), built on Apr 10 2015 12:36:16 by "java_re" with unknown MS VC++:1600

time: Thu Jul 07 20:56:30 2016
elapsed time: 1 seconds

