#
# A fatal error has been detected by the Java Runtime Environment:
#
#  EXCEPTION_ACCESS_VIOLATION (0xc0000005) at pc=0x000000005b13ebb7, pid=6808, tid=3344
#
# JRE version: Java(TM) SE Runtime Environment (7.0_79-b15) (build 1.7.0_79-b15)
# Java VM: Java HotSpot(TM) 64-Bit Server VM (24.79-b02 mixed mode windows-amd64 compressed oops)
# Problematic frame:
# V  [jvm.dll+0x1cebb7]
#
# Failed to write core dump. Minidumps are not enabled by default on client versions of Windows
#
# If you would like to submit a bug report, please visit:
#   http://bugreport.java.com/bugreport/crash.jsp
#

---------------  T H R E A D  ---------------

Current thread (0x0000000008149800):  JavaThread "Finalizer" daemon [_thread_in_vm, id=3344, stack(0x0000000009400000,0x0000000009500000)]

siginfo: ExceptionCode=0xc0000005, writing address 0x00000000094fa220

Registers:
RAX=0x00000000094fa220, RBX=0x0000000000000006, RCX=0x0000000000005000, RDX=0x0000000009409178
RSP=0x00000000094ff220, RBP=0x0000000000000000, RSI=0x00000000094ff220, RDI=0x0000000000000006
R8 =0x0000000000000009, R9 =0x0000000008149800, R10=0x00000000094ff460, R11=0x00000000094ff540
R12=0x00000000094ff540, R13=0x00000000094ff368, R14=0x00000000094ff470, R15=0x00000000023c0840
RIP=0x000000005b13ebb7, EFLAGS=0x0000000000010202

Top of Stack: (sp=0x00000000094ff220)
0x00000000094ff220:   000000000814a270 0000000000000000
0x00000000094ff230:   0000000000000000 000000005b00ffe3
0x00000000094ff240:   0000000000000000 000000005b13f6fa
0x00000000094ff250:   00000000094ff400 000000000814a270
0x00000000094ff260:   0000000008149800 0000000008149800
0x00000000094ff270:   00000000022a0150 00007ff81a4521b2
0x00000000094ff280:   0000000000000000 000000005b01323d
0x00000000094ff290:   0000000008149800 00007ff81a410000
0x00000000094ff2a0:   0000000000000005 00007ff800000000
0x00000000094ff2b0:   000000000814a270 0000000000000005
0x00000000094ff2c0:   0000000008149800 000000005ab399e5
0x00000000094ff2d0:   0000000000000001 00007ff8ffffffec
0x00000000094ff2e0:   0000000000000000 00000000022f9590
0x00000000094ff2f0:   0000000008149800 00000000094ff470
0x00000000094ff300:   00000000022faec0 00000000094ff540
0x00000000094ff310:   0000000000000000 00000000022faec0 

Instructions: (pc=0x000000005b13ebb7)
0x000000005b13eb97:   48 89 6c 24 30 33 ed 66 90 e8 6b bb 07 00 ff c3
0x000000005b13eba7:   48 63 c8 48 8b c6 48 0f af cf 48 ff c7 48 2b c1
0x000000005b13ebb7:   89 28 48 63 c3 48 3b 05 75 db 52 00 7e db 48 8b
0x000000005b13ebc7:   6c 24 30 48 8b 5c 24 38 48 8b 74 24 40 48 83 c4 


Register to memory mapping:

RAX=0x00000000094fa220 is pointing into the stack for thread: 0x0000000008149800
RBX=0x0000000000000006 is an unknown value
RCX=0x0000000000005000 is an unknown value
RDX=0x0000000009409178 is pointing into the stack for thread: 0x0000000008149800
RSP=0x00000000094ff220 is pointing into the stack for thread: 0x0000000008149800
RBP=0x0000000000000000 is an unknown value
RSI=0x00000000094ff220 is pointing into the stack for thread: 0x0000000008149800
RDI=0x0000000000000006 is an unknown value
R8 =0x0000000000000009 is an unknown value
R9 =0x0000000008149800 is a thread
R10=0x00000000094ff460 is pointing into the stack for thread: 0x0000000008149800
R11=0x00000000094ff540 is pointing into the stack for thread: 0x0000000008149800
R12=0x00000000094ff540 is pointing into the stack for thread: 0x0000000008149800
R13=0x00000000094ff368 is pointing into the stack for thread: 0x0000000008149800
R14=0x00000000094ff470 is pointing into the stack for thread: 0x0000000008149800
R15=0x00000000023c0840 is at code_begin+0 in an Interpreter codelet
method entry point (kind = zerolocals)  [0x00000000023c0840, 0x00000000023c0b40]  768 bytes


Stack: [0x0000000009400000,0x0000000009500000],  sp=0x00000000094ff220,  free space=1020k
Native frames: (J=compiled Java code, j=interpreted, Vv=VM code, C=native code)
V  [jvm.dll+0x1cebb7]
