#
# There is insufficient memory for the Java Runtime Environment to continue.
# Native memory allocation (malloc) failed to allocate 32744 bytes for ChunkPool::allocate
# Possible reasons:
#   The system is out of physical RAM or swap space
#   In 32 bit mode, the process size limit was hit
# Possible solutions:
#   Reduce memory load on the system
#   Increase physical memory or swap space
#   Check if swap backing store is full
#   Use 64 bit Java on a 64 bit OS
#   Decrease Java heap size (-Xmx/-Xms)
#   Decrease number of Java threads
#   Decrease Java thread stack sizes (-Xss)
#   Set larger code cache with -XX:ReservedCodeCacheSize=
# This output file may be truncated or incomplete.
#
#  Out of Memory Error (allocation.cpp:211), pid=6132, tid=6000
#
# JRE version: Java(TM) SE Runtime Environment (7.0_79-b15) (build 1.7.0_79-b15)
# Java VM: Java HotSpot(TM) 64-Bit Server VM (24.79-b02 mixed mode windows-amd64 compressed oops)
# Failed to write core dump. Minidumps are not enabled by default on client versions of Windows
#

---------------  T H R E A D  ---------------

Current thread (0x0000000008574800):  JavaThread "C2 CompilerThread0" daemon [_thread_in_native, id=6000, stack(0x0000000009ae0000,0x0000000009be0000)]

Stack: [0x0000000009ae0000,0x0000000009be0000]
[error occurred during error reporting (printing stack bounds), id 0xc0000005]


[error occurred during error reporting (printing native stack), id 0xc0000005]


Current CompileTask:
C2:   1798   75             com.android.dx.cf.code.Ropper::getAvailableLabel (54 bytes)


---------------  P R O C E S S  ---------------

Java Threads: ( => current thread )
  0x000000000a0d9000 JavaThread "pool-1-thread-4" [_thread_in_vm, id=460, stack(0x000000000a6e0000,0x000000000a7e0000)]
  0x000000000a137000 JavaThread "pool-1-thread-3" [_thread_in_vm, id=6532, stack(0x000000000a5e0000,0x000000000a6e0000)]
  0x000000000a085800 JavaThread "pool-1-thread-2" [_thread_in_Java, id=4328, stack(0x000000000a4e0000,0x000000000a5e0000)]
  0x000000000a082800 JavaThread "pool-2-thread-1" [_thread_blocked, id=5180, stack(0x000000000a3e0000,0x000000000a4e0000)]
  0x000000000a058800 JavaThread "pool-1-thread-1" [_thread_in_vm, id=4992, stack(0x000000000a2e0000,0x000000000a3e0000)]
  0x0000000008585800 JavaThread "Service Thread" daemon [_thread_blocked, id=6604, stack(0x0000000009ce0000,0x0000000009de0000)]
  0x0000000008576800 JavaThread "C2 CompilerThread1" daemon [_thread_in_native, id=1784, stack(0x0000000009be0000,0x0000000009ce0000)]
=>0x0000000008574800 JavaThread "C2 CompilerThread0" daemon [_thread_in_native, id=6000, stack(0x0000000009ae0000,0x0000000009be0000)]
  0x0000000008574000 JavaThread "Attach Listener" daemon [_thread_blocked, id=3736, stack(0x00000000099e0000,0x0000000009ae0000)]
  0x0000000008570800 JavaThread "Signal Dispatcher" daemon [_thread_blocked, id=7056, stack(0x00000000098e0000,0x00000000099e0000)]
  0x0000000008539800 JavaThread "Finalizer" daemon [_thread_blocked, id=1320, stack(0x00000000097e0000,0x00000000098e0000)]
  0x0000000008536000 JavaThread "Reference Handler" daemon [_thread_blocked, id=3964, stack(0x00000000096e0000,0x00000000097e0000)]
  0x0000000000b1d800 JavaThread "main" [_thread_in_Java, id=2104, stack(0x0000000000c90000,0x0000000000d90000)]

Other Threads:
  0x0000000008532000 VMThread [stack: 0x00000000095e0000,0x00000000096e0000] [id=7128]
  0x0000000008593800 WatcherThread [stack: 0x0000000009de0000,0x0000000009ee0000] [id=4040]

VM state:not at safepoint (normal execution)

VM Mutex/Monitor currently owned by a thread: None

Heap
 PSYoungGen      total 18944K, used 4037K [0x00000000eaa80000, 0x00000000ebf80000, 0x0000000100000000)
  eden space 16384K, 9% used [0x00000000eaa80000,0x00000000eabf7500,0x00000000eba80000)
  from space 2560K, 99% used [0x00000000eba80000,0x00000000ebcfa110,0x00000000ebd00000)
  to   space 2560K, 0% used [0x00000000ebd00000,0x00000000ebd00000,0x00000000ebf80000)
 ParOldGen       total 42496K, used 1044K [0x00000000c0000000, 0x00000000c2980000, 0x00000000eaa80000)
  object space 42496K, 2% used [0x00000000c0000000,0x00000000c0105268,0x00000000c2980000)
 PSPermGen       total 21504K, used 5592K [0x00000000bae00000, 0x00000000bc300000, 0x00000000c0000000)
  object space 21504K, 26% used [0x00000000bae00000,0x00000000bb376118,0x00000000bc300000)

Card table byte_map: [0x00000000057a0000,0x00000000059d0000] byte_map_base: 0x00000000051c9000

Polling page: 0x0000000000b00000

Code Cache  [0x00000000026e0000, 0x0000000002950000, 0x00000000056e0000)
 total_blobs=313 nmethods=76 adapters=189 free_code_cache=48642Kb largest_free_block=49782080

Compilation events (10 events):
Event: 1.243 Thread 0x0000000008576800 nmethod 69 0x0000000002760610 code [0x0000000002760760, 0x00000000027609d8]
Event: 1.244 Thread 0x0000000008576800   71             com.android.dx.ssa.SsaMethod::deleteInsns (239 bytes)
Event: 1.245 Thread 0x0000000008574800 nmethod 70 0x000000000275e550 code [0x000000000275e6a0, 0x000000000275e9f8]
Event: 1.245 Thread 0x0000000008574800   72             com.android.dx.cf.code.Ropper::labelToResultIndex (47 bytes)
Event: 1.782 Thread 0x0000000008574800 nmethod 72 0x000000000275dfd0 code [0x000000000275e120, 0x000000000275e3b8]
Event: 1.788 Thread 0x0000000008574800   73             java.util.HashMap::get (29 bytes)
Event: 1.792 Thread 0x0000000008574800 nmethod 73 0x0000000002760050 code [0x00000000027601c0, 0x00000000027603c8]
Event: 1.792 Thread 0x0000000008574800   74             com.android.dx.rop.code.Insn::getSources (5 bytes)
Event: 1.792 Thread 0x0000000008574800 nmethod 74 0x0000000002760ad0 code [0x0000000002760c00, 0x0000000002760c58]
Event: 1.792 Thread 0x0000000008574800   75             com.android.dx.cf.code.Ropper::getAvailableLabel (54 bytes)

GC Heap History (2 events):
Event: 1.461 GC heap before
{Heap before GC invocations=1 (full 0):
 PSYoungGen      total 18944K, used 16384K [0x00000000eaa80000, 0x00000000ebf80000, 0x0000000100000000)
  eden space 16384K, 100% used [0x00000000eaa80000,0x00000000eba80000,0x00000000eba80000)
  from space 2560K, 0% used [0x00000000ebd00000,0x00000000ebd00000,0x00000000ebf80000)
  to   space 2560K, 0% used [0x00000000eba80000,0x00000000eba80000,0x00000000ebd00000)
 ParOldGen       total 42496K, used 0K [0x00000000c0000000, 0x00000000c2980000, 0x00000000eaa80000)
  object space 42496K, 0% used [0x00000000c0000000,0x00000000c0000000,0x00000000c2980000)
 PSPermGen       total 21504K, used 5589K [0x00000000bae00000, 0x00000000bc300000, 0x00000000c0000000)
  object space 21504K, 25% used [0x00000000bae00000,0x00000000bb3756a8,0x00000000bc300000)
Event: 1.778 GC heap after
Heap after GC invocations=1 (full 0):
 PSYoungGen      total 18944K, used 2536K [0x00000000eaa80000, 0x00000000ebf80000, 0x0000000100000000)
  eden space 16384K, 0% used [0x00000000eaa80000,0x00000000eaa80000,0x00000000eba80000)
  from space 2560K, 99% used [0x00000000eba80000,0x00000000ebcfa110,0x00000000ebd00000)
  to   space 2560K, 0% used [0x00000000ebd00000,0x00000000ebd00000,0x00000000ebf80000)
 ParOldGen       total 42496K, used 1044K [0x00000000c0000000, 0x00000000c2980000, 0x00000000eaa80000)
  object space 42496K, 2% used [0x00000000c0000000,0x00000000c0105268,0x00000000c2980000)
 PSPermGen       total 21504K, used 5589K [0x00000000bae00000, 0x00000000bc300000, 0x00000000c0000000)
  object space 21504K, 25% used [0x00000000bae00000,0x00000000bb3756a8,0x00000000bc300000)
}

Deoptimization events (0 events):
No events

Internal exceptions (10 events):
Event: 0.825 Thread 0x000000000a058800 Threw 0x00000000eb798d00 at C:\re\jdk7u79\2331\hotspot\src\share\vm\prims\jvm.cpp:1304
Event: 0.826 Thread 0x000000000a058800 Threw 0x00000000eb79b850 at C:\re\jdk7u79\2331\hotspot\src\share\vm\prims\jvm.cpp:1304
Event: 0.827 Thread 0x000000000a058800 Threw 0x00000000eb7a0790 at C:\re\jdk7u79\2331\hotspot\src\share\vm\prims\jvm.cpp:1304
Event: 0.828 Thread 0x000000000a058800 Threw 0x00000000eb7a5b08 at C:\re\jdk7u79\2331\hotspot\src\share\vm\prims\jvm.cpp:1304
Event: 0.829 Thread 0x000000000a058800 Threw 0x00000000eb7a9140 at C:\re\jdk7u79\2331\hotspot\src\share\vm\prims\jvm.cpp:1304
Event: 0.832 Thread 0x000000000a058800 Threw 0x00000000eb7b5718 at C:\re\jdk7u79\2331\hotspot\src\share\vm\prims\jvm.cpp:1304
Event: 0.833 Thread 0x000000000a058800 Threw 0x00000000eb7fbfd8 at C:\re\jdk7u79\2331\hotspot\src\share\vm\prims\jvm.cpp:1304
Event: 0.929 Thread 0x000000000a058800 Threw 0x00000000eb8006e0 at C:\re\jdk7u79\2331\hotspot\src\share\vm\prims\jvm.cpp:1304
Event: 0.949 Thread 0x0000000000b1d800 Threw 0x00000000eb51db58 at C:\re\jdk7u79\2331\hotspot\src\share\vm\prims\jvm.cpp:1304
Event: 0.966 Thread 0x000000000a085800 Threw 0x00000000eb887aa0 at C:\re\jdk7u79\2331\hotspot\src\share\vm\prims\jvm.cpp:1304

Events (10 events):
Event: 0.941 loading class 0x0000000008599290
Event: 0.941 loading class 0x0000000008599290 done
Event: 0.949 loading class 0x000000000a1649f0
Event: 0.949 loading class 0x000000000a1649f0 done
Event: 0.955 loading class 0x000000000259f1a0
Event: 0.955 loading class 0x000000000259f1a0 done
Event: 0.966 loading class 0x000000000a158640
Event: 0.966 loading class 0x000000000a158640 done
Event: 1.246 Executing VM operation: ParallelGCFailedAllocation
Event: 1.778 Executing VM operation: ParallelGCFailedAllocation done


Dynamic libraries:
0x00007ff622d10000 - 0x00007ff622d43000 	C:\Program Files\Java\jdk1.7.0_79\bin\java.exe
0x00007ff81a410000 - 0x00007ff81a5b9000 	C:\Windows\SYSTEM32\ntdll.dll
0x00007ff819700000 - 0x00007ff819839000 	C:\Windows\system32\KERNEL32.DLL
0x00007ff817960000 - 0x00007ff817a6e000 	C:\Windows\system32\KERNELBASE.dll
0x00007ff8163c0000 - 0x00007ff81644b000 	C:\Windows\system32\apphelp.dll
0x00007ff809db0000 - 0x00007ff809dff000 	C:\Windows\AppPatch\AppPatch64\AcGenral.DLL
0x00007ff81a060000 - 0x00007ff81a107000 	C:\Windows\system32\msvcrt.dll
0x00007ff8175d0000 - 0x00007ff8175fb000 	C:\Windows\SYSTEM32\SspiCli.dll
0x00007ff819980000 - 0x00007ff8199d1000 	C:\Windows\system32\SHLWAPI.dll
0x00007ff819bc0000 - 0x00007ff819d31000 	C:\Windows\system32\USER32.dll
0x00007ff819170000 - 0x00007ff8192e6000 	C:\Windows\system32\ole32.dll
0x00007ff817d60000 - 0x00007ff819170000 	C:\Windows\system32\SHELL32.dll
0x00007ff816e00000 - 0x00007ff816e1f000 	C:\Windows\SYSTEM32\USERENV.dll
0x00007ff819360000 - 0x00007ff819405000 	C:\Windows\system32\ADVAPI32.dll
0x00007ff80fa30000 - 0x00007ff80fa4b000 	C:\Windows\SYSTEM32\MPR.dll
0x00007ff819e10000 - 0x00007ff819f46000 	C:\Windows\system32\RPCRT4.dll
0x00007ff81a3a0000 - 0x00007ff81a3f7000 	C:\Windows\SYSTEM32\sechost.dll
0x00007ff81a1c0000 - 0x00007ff81a397000 	C:\Windows\SYSTEM32\combase.dll
0x00007ff8195b0000 - 0x00007ff8196f5000 	C:\Windows\system32\GDI32.dll
0x00007ff817790000 - 0x00007ff8177a4000 	C:\Windows\SYSTEM32\profapi.dll
0x00007ff815de0000 - 0x00007ff815e81000 	C:\Windows\SYSTEM32\SHCORE.dll
0x00007ff817d00000 - 0x00007ff817d34000 	C:\Windows\system32\IMM32.DLL
0x00007ff819840000 - 0x00007ff819978000 	C:\Windows\system32\MSCTF.dll
0x00007ff8153f0000 - 0x00007ff81564a000 	C:\Windows\WinSxS\amd64_microsoft.windows.common-controls_6595b64144ccf1df_6.0.9600.16384_none_62475f7becb72503\COMCTL32.dll
0x000000005aad0000 - 0x000000005aba2000 	C:\Program Files\Java\jdk1.7.0_79\jre\bin\msvcr100.dll
0x000000005af70000 - 0x000000005b745000 	C:\Program Files\Java\jdk1.7.0_79\jre\bin\server\jvm.dll
0x00007ff815b40000 - 0x00007ff815b49000 	C:\Windows\SYSTEM32\WSOCK32.dll
0x00007ff8153c0000 - 0x00007ff8153df000 	C:\Windows\SYSTEM32\WINMM.dll
0x00007ff819f50000 - 0x00007ff819f57000 	C:\Windows\system32\PSAPI.DLL
0x00007ff81a000000 - 0x00007ff81a058000 	C:\Windows\system32\WS2_32.dll
0x00007ff815390000 - 0x00007ff8153ba000 	C:\Windows\SYSTEM32\WINMMBASE.dll
0x00007ff819d40000 - 0x00007ff819d49000 	C:\Windows\system32\NSI.dll
0x00007ff817910000 - 0x00007ff81795a000 	C:\Windows\SYSTEM32\cfgmgr32.dll
0x00007ff816610000 - 0x00007ff816636000 	C:\Windows\SYSTEM32\DEVOBJ.dll
0x000000005c0c0000 - 0x000000005c0cf000 	C:\Program Files\Java\jdk1.7.0_79\jre\bin\verify.dll
0x000000005af40000 - 0x000000005af68000 	C:\Program Files\Java\jdk1.7.0_79\jre\bin\java.dll
0x000000005af20000 - 0x000000005af35000 	C:\Program Files\Java\jdk1.7.0_79\jre\bin\zip.dll
0x000000005af00000 - 0x000000005af1a000 	C:\Program Files\Java\jdk1.7.0_79\jre\bin\net.dll
0x00007ff817050000 - 0x00007ff8170a8000 	C:\Windows\system32\mswsock.dll
0x000000005aee0000 - 0x000000005aef1000 	C:\Program Files\Java\jdk1.7.0_79\jre\bin\nio.dll

VM Arguments:
jvm_args: -Djava.awt.headless=true -Xmx1024M -Dfile.encoding=windows-1250 -Duser.country=US -Duser.language=en -Duser.variant 
java_command: com.android.dx.command.Main --dex --num-threads=4 --output D:\Scoala\C.S.I.E III - Sem2\Licenta\CodeSource\Ridesharing\app\build\intermediates\pre-dexed\debug\com.google.android.gms-play-services-fitness-8.3.0_d44cdcfaf542d49df3cae002b6dcef658ef01955.jar D:\Scoala\C.S.I.E III - Sem2\Licenta\CodeSource\Ridesharing\app\build\intermediates\exploded-aar\com.google.android.gms\play-services-fitness\8.3.0\jars\classes.jar
Launcher Type: SUN_STANDARD

Environment Variables:
PATH=C:\ProgramData\Oracle\Java\javapath;C:\Program Files (x86)\Intel\iCLS Client\;C:\Program Files\Intel\iCLS Client\;C:\Windows\system32;C:\Windows;C:\Windows\System32\Wbem;C:\Windows\System32\WindowsPowerShell\v1.0\;C:\Program Files (x86)\ATI Technologies\ATI.ACE\Core-Static;C:\Program Files\Intel\Intel(R) Management Engine Components\DAL;C:\Program Files\Intel\Intel(R) Management Engine Components\IPT;C:\Program Files (x86)\Intel\Intel(R) Management Engine Components\DAL;C:\Program Files (x86)\Intel\Intel(R) Management Engine Components\IPT;C:\Program Files (x86)\Windows Kits\8.1\Windows Performance Toolkit\;C:\Program Files\Microsoft SQL Server\110\Tools\Binn\;C:\Program Files (x86)\AMD\ATI.ACE\Core-Static;C:\Program Files (x86)\Windows Live\Shared
USERNAME=Silviu086
OS=Windows_NT
PROCESSOR_IDENTIFIER=Intel64 Family 6 Model 58 Stepping 9, GenuineIntel



---------------  S Y S T E M  ---------------

OS: Windows 8.1 , 64 bit Build 9600 

CPU:total 4 (2 cores per cpu, 2 threads per core) family 6 model 58 stepping 9, cmov, cx8, fxsr, mmx, sse, sse2, sse3, ssse3, sse4.1, sse4.2, popcnt, avx, aes, erms, ht, tsc, tscinvbit, tscinv

Memory: 4k page, physical 4092772k(177564k free), swap 6742792k(5112k free)

vm_info: Java HotSpot(TM) 64-Bit Server VM (24.79-b02) for windows-amd64 JRE (1.7.0_79-b15), built on Apr 10 2015 12:36:16 by "java_re" with unknown MS VC++:1600

time: Thu Jul 07 20:55:34 2016
elapsed time: 1 seconds

