#
# There is insufficient memory for the Java Runtime Environment to continue.
# Native memory allocation (malloc) failed to allocate 1550816 bytes for Chunk::new
# Possible reasons:
#   The system is out of physical RAM or swap space
#   In 32 bit mode, the process size limit was hit
# Possible solutions:
#   Reduce memory load on the system
#   Increase physical memory or swap space
#   Check if swap backing store is full
#   Use 64 bit Java on a 64 bit OS
#   Decrease Java heap size (-Xmx/-Xms)
#   Decrease number of Java threads
#   Decrease Java thread stack sizes (-Xss)
#   Set larger code cache with -XX:ReservedCodeCacheSize=
# This output file may be truncated or incomplete.
#
#  Out of Memory Error (allocation.cpp:323), pid=6824, tid=332
#
# JRE version: Java(TM) SE Runtime Environment (7.0_79-b15) (build 1.7.0_79-b15)
# Java VM: Java HotSpot(TM) 64-Bit Server VM (24.79-b02 mixed mode windows-amd64 compressed oops)
# Failed to write core dump. Minidumps are not enabled by default on client versions of Windows
#

---------------  T H R E A D  ---------------

Current thread (0x0000000007c45000):  JavaThread "C2 CompilerThread0" daemon [_thread_in_native, id=332, stack(0x00000000091e0000,0x00000000092e0000)]

Stack: [0x00000000091e0000,0x00000000092e0000]
[error occurred during error reporting (printing stack bounds), id 0xc0000005]


[error occurred during error reporting (printing native stack), id 0xc0000005]


Current CompileTask:
C2:   1176  212             com.android.dx.ssa.SCCP::run (298 bytes)


---------------  P R O C E S S  ---------------

Java Threads: ( => current thread )
  0x0000000009788800 JavaThread "pool-1-thread-4" [_thread_in_Java, id=2744, stack(0x0000000009de0000,0x0000000009ee0000)]
  0x0000000009850800 JavaThread "pool-1-thread-3" [_thread_in_Java, id=6028, stack(0x0000000009ce0000,0x0000000009de0000)]
  0x0000000009799000 JavaThread "pool-1-thread-2" [_thread_in_Java, id=5060, stack(0x0000000009be0000,0x0000000009ce0000)]
  0x00000000096ea000 JavaThread "pool-2-thread-1" [_thread_blocked, id=240, stack(0x0000000009ae0000,0x0000000009be0000)]
  0x0000000009728000 JavaThread "pool-1-thread-1" [_thread_in_Java, id=5724, stack(0x00000000099e0000,0x0000000009ae0000)]
  0x0000000007c5a000 JavaThread "Service Thread" daemon [_thread_blocked, id=7036, stack(0x00000000093e0000,0x00000000094e0000)]
  0x0000000007c53000 JavaThread "C2 CompilerThread1" daemon [_thread_in_native, id=6652, stack(0x00000000092e0000,0x00000000093e0000)]
=>0x0000000007c45000 JavaThread "C2 CompilerThread0" daemon [_thread_in_native, id=332, stack(0x00000000091e0000,0x00000000092e0000)]
  0x0000000007c44000 JavaThread "Attach Listener" daemon [_thread_blocked, id=1832, stack(0x00000000090e0000,0x00000000091e0000)]
  0x0000000007c41000 JavaThread "Signal Dispatcher" daemon [_thread_blocked, id=1844, stack(0x0000000008fe0000,0x00000000090e0000)]
  0x0000000007c0f000 JavaThread "Finalizer" daemon [_thread_blocked, id=4116, stack(0x0000000008ee0000,0x0000000008fe0000)]
  0x0000000007c06000 JavaThread "Reference Handler" daemon [_thread_blocked, id=3808, stack(0x0000000008de0000,0x0000000008ee0000)]
  0x0000000001c1d800 JavaThread "main" [_thread_in_Java, id=380, stack(0x0000000001af0000,0x0000000001bf0000)]

Other Threads:
  0x0000000007c02000 VMThread [stack: 0x0000000008ce0000,0x0000000008de0000] [id=4692]
  0x0000000007c74000 WatcherThread [stack: 0x00000000094e0000,0x00000000095e0000] [id=5936]

VM state:not at safepoint (normal execution)

VM Mutex/Monitor currently owned by a thread: None

Heap
 PSYoungGen      total 18944K, used 16269K [0x00000000eaa80000, 0x00000000ecf80000, 0x0000000100000000)
  eden space 16384K, 83% used [0x00000000eaa80000,0x00000000eb7e5b08,0x00000000eba80000)
  from space 2560K, 99% used [0x00000000eba80000,0x00000000ebcfdc78,0x00000000ebd00000)
  to   space 2560K, 0% used [0x00000000ecd00000,0x00000000ecd00000,0x00000000ecf80000)
 ParOldGen       total 42496K, used 1361K [0x00000000c0000000, 0x00000000c2980000, 0x00000000eaa80000)
  object space 42496K, 3% used [0x00000000c0000000,0x00000000c01544b0,0x00000000c2980000)
 PSPermGen       total 21504K, used 5810K [0x00000000bae00000, 0x00000000bc300000, 0x00000000c0000000)
  object space 21504K, 27% used [0x00000000bae00000,0x00000000bb3acaa8,0x00000000bc300000)

Card table byte_map: [0x0000000004e70000,0x00000000050a0000] byte_map_base: 0x0000000004899000

Polling page: 0x0000000001bf0000

Code Cache  [0x0000000001db0000, 0x0000000002020000, 0x0000000004db0000)
 total_blobs=457 nmethods=220 adapters=189 free_code_cache=48327Kb largest_free_block=49460032

Compilation events (10 events):
Event: 1.110 Thread 0x0000000007c53000 nmethod 216 0x0000000001e56010 code [0x0000000001e56140, 0x0000000001e56198]
Event: 1.110 Thread 0x0000000007c53000  217             java.util.HashMap::<init> (119 bytes)
Event: 1.112 Thread 0x0000000007c53000 nmethod 217 0x0000000001e804d0 code [0x0000000001e80620, 0x0000000001e80718]
Event: 1.112 Thread 0x0000000007c53000  218             java.util.HashMap::init (1 bytes)
Event: 1.112 Thread 0x0000000007c53000 nmethod 218 0x0000000001e6ec50 code [0x0000000001e6ed80, 0x0000000001e6edd8]
Event: 1.113 Thread 0x0000000007c53000  220             java.util.HashMap::<init> (9 bytes)
Event: 1.114 Thread 0x0000000007c53000 nmethod 220 0x0000000001e80210 code [0x0000000001e80360, 0x0000000001e80418]
Event: 1.114 Thread 0x0000000007c53000  221             com.android.dx.rop.code.Rop::isCallLike (5 bytes)
Event: 1.115 Thread 0x0000000007c53000 nmethod 221 0x0000000001e80010 code [0x0000000001e80140, 0x0000000001e80198]
Event: 1.115 Thread 0x0000000007c53000  222             com.android.dx.rop.code.LocalVariableExtractor::processBlock (327 bytes)

GC Heap History (2 events):
Event: 0.539 GC heap before
{Heap before GC invocations=1 (full 0):
 PSYoungGen      total 18944K, used 16384K [0x00000000eaa80000, 0x00000000ebf80000, 0x0000000100000000)
  eden space 16384K, 100% used [0x00000000eaa80000,0x00000000eba80000,0x00000000eba80000)
  from space 2560K, 0% used [0x00000000ebd00000,0x00000000ebd00000,0x00000000ebf80000)
  to   space 2560K, 0% used [0x00000000eba80000,0x00000000eba80000,0x00000000ebd00000)
 ParOldGen       total 42496K, used 0K [0x00000000c0000000, 0x00000000c2980000, 0x00000000eaa80000)
  object space 42496K, 0% used [0x00000000c0000000,0x00000000c0000000,0x00000000c2980000)
 PSPermGen       total 21504K, used 5635K [0x00000000bae00000, 0x00000000bc300000, 0x00000000c0000000)
  object space 21504K, 26% used [0x00000000bae00000,0x00000000bb380d28,0x00000000bc300000)
Event: 0.547 GC heap after
Heap after GC invocations=1 (full 0):
 PSYoungGen      total 18944K, used 2551K [0x00000000eaa80000, 0x00000000ecf80000, 0x0000000100000000)
  eden space 16384K, 0% used [0x00000000eaa80000,0x00000000eaa80000,0x00000000eba80000)
  from space 2560K, 99% used [0x00000000eba80000,0x00000000ebcfdc78,0x00000000ebd00000)
  to   space 2560K, 0% used [0x00000000ecd00000,0x00000000ecd00000,0x00000000ecf80000)
 ParOldGen       total 42496K, used 1361K [0x00000000c0000000, 0x00000000c2980000, 0x00000000eaa80000)
  object space 42496K, 3% used [0x00000000c0000000,0x00000000c01544b0,0x00000000c2980000)
 PSPermGen       total 21504K, used 5635K [0x00000000bae00000, 0x00000000bc300000, 0x00000000c0000000)
  object space 21504K, 26% used [0x00000000bae00000,0x00000000bb380d28,0x00000000bc300000)
}

Deoptimization events (4 events):
Event: 0.484 Thread 0x0000000009850800 Uncommon trap: reason=null_check action=make_not_entrant pc=0x0000000001e306dc method=com.android.dx.rop.code.LocalItem.equals(Ljava/lang/Object;)Z @ 1
Event: 0.680 Thread 0x0000000009799000 Uncommon trap: reason=class_check action=maybe_recompile pc=0x0000000001e31984 method=com.android.dx.ssa.NormalSsaInsn.accept(Lcom/android/dx/ssa/SsaInsn$Visitor;)V @ 9
Event: 0.821 Thread 0x0000000009799000 Uncommon trap: reason=null_check action=make_not_entrant pc=0x0000000001e68b40 method=com.android.dx.rop.code.RegisterSpec.equals(Ljava/lang/Object;)Z @ 1
Event: 0.906 Thread 0x0000000001c1d800 Uncommon trap: reason=unreached action=reinterpret pc=0x0000000001e39884 method=com.android.dx.rop.cst.Constant.compareTo(Lcom/android/dx/rop/cst/Constant;)I @ 12

Internal exceptions (10 events):
Event: 0.373 Thread 0x0000000009728000 Threw 0x00000000eb483bb8 at C:\re\jdk7u79\2331\hotspot\src\share\vm\prims\jvm.cpp:1304
Event: 0.374 Thread 0x0000000009850800 Threw 0x00000000eb0e3e60 at C:\re\jdk7u79\2331\hotspot\src\share\vm\prims\jvm.cpp:1304
Event: 0.376 Thread 0x0000000009788800 Threw 0x00000000eb35db28 at C:\re\jdk7u79\2331\hotspot\src\share\vm\prims\jvm.cpp:1304
Event: 0.377 Thread 0x0000000009850800 Threw 0x00000000eb4ce2c8 at C:\re\jdk7u79\2331\hotspot\src\share\vm\prims\jvm.cpp:1304
Event: 0.377 Thread 0x0000000001c1d800 Threw 0x00000000eb404c68 at C:\re\jdk7u79\2331\hotspot\src\share\vm\prims\jvm.cpp:1304
Event: 0.387 Thread 0x0000000001c1d800 Threw 0x00000000eb4209b0 at C:\re\jdk7u79\2331\hotspot\src\share\vm\prims\jvm.cpp:1304
Event: 0.484 Thread 0x0000000009850800 Implicit null exception at 0x0000000001e30372 to 0x0000000001e306c1
Event: 0.584 Thread 0x0000000009799000 Threw 0x00000000eab82d00 at C:\re\jdk7u79\2331\hotspot\src\share\vm\prims\jvm.cpp:1304
Event: 0.802 Thread 0x0000000001c1d800 Threw 0x00000000eb221cc8 at C:\re\jdk7u79\2331\hotspot\src\share\vm\prims\jvm.cpp:1304
Event: 0.821 Thread 0x0000000009799000 Implicit null exception at 0x0000000001e67d33 to 0x0000000001e68b15

Events (10 events):
Event: 0.680 Thread 0x0000000009799000 DEOPT PACKING pc=0x0000000001e31984 sp=0x0000000009cdead0
Event: 0.680 Thread 0x0000000009799000 DEOPT UNPACKING pc=0x0000000001de75a4 sp=0x0000000009cde9b0 mode 2
Event: 0.802 loading class 0x0000000009860510
Event: 0.802 loading class 0x0000000009860510 done
Event: 0.821 Thread 0x0000000009799000 Uncommon trap: trap_request=0xfffffff4 fr.pc=0x0000000001e68b40
Event: 0.821 Thread 0x0000000009799000 DEOPT PACKING pc=0x0000000001e68b40 sp=0x0000000009cdec00
Event: 0.821 Thread 0x0000000009799000 DEOPT UNPACKING pc=0x0000000001de75a4 sp=0x0000000009cdeb08 mode 2
Event: 0.906 Thread 0x0000000001c1d800 Uncommon trap: trap_request=0xffffffad fr.pc=0x0000000001e39884
Event: 0.906 Thread 0x0000000001c1d800 DEOPT PACKING pc=0x0000000001e39884 sp=0x0000000001bede30
Event: 0.906 Thread 0x0000000001c1d800 DEOPT UNPACKING pc=0x0000000001de75a4 sp=0x0000000001beddd0 mode 2


Dynamic libraries:
0x00007ff7719e0000 - 0x00007ff771a13000 	C:\Program Files\Java\jdk1.7.0_79\bin\java.exe
0x00007ffee0b50000 - 0x00007ffee0cf9000 	C:\Windows\SYSTEM32\ntdll.dll
0x00007ffede6e0000 - 0x00007ffede819000 	C:\Windows\system32\KERNEL32.DLL
0x00007ffeddfa0000 - 0x00007ffede0ae000 	C:\Windows\system32\KERNELBASE.dll
0x00007ffedcb00000 - 0x00007ffedcb8b000 	C:\Windows\system32\apphelp.dll
0x00007ffec5430000 - 0x00007ffec547f000 	C:\Windows\AppPatch\AppPatch64\AcGenral.DLL
0x00007ffee05b0000 - 0x00007ffee0657000 	C:\Windows\system32\msvcrt.dll
0x00007ffeddd10000 - 0x00007ffeddd3b000 	C:\Windows\SYSTEM32\SspiCli.dll
0x00007ffede3e0000 - 0x00007ffede431000 	C:\Windows\system32\SHLWAPI.dll
0x00007ffee09d0000 - 0x00007ffee0b41000 	C:\Windows\system32\USER32.dll
0x00007ffee06c0000 - 0x00007ffee0836000 	C:\Windows\system32\ole32.dll
0x00007ffedf1a0000 - 0x00007ffee05b0000 	C:\Windows\system32\SHELL32.dll
0x00007ffedd540000 - 0x00007ffedd55f000 	C:\Windows\SYSTEM32\USERENV.dll
0x00007ffedea00000 - 0x00007ffedeaa5000 	C:\Windows\system32\ADVAPI32.dll
0x00007ffed6080000 - 0x00007ffed609b000 	C:\Windows\SYSTEM32\MPR.dll
0x00007ffededd0000 - 0x00007ffedef06000 	C:\Windows\system32\RPCRT4.dll
0x00007ffedf140000 - 0x00007ffedf197000 	C:\Windows\SYSTEM32\sechost.dll
0x00007ffede820000 - 0x00007ffede9f7000 	C:\Windows\SYSTEM32\combase.dll
0x00007ffedeb50000 - 0x00007ffedec95000 	C:\Windows\system32\GDI32.dll
0x00007ffedded0000 - 0x00007ffeddee4000 	C:\Windows\SYSTEM32\profapi.dll
0x00007ffedc1a0000 - 0x00007ffedc241000 	C:\Windows\SYSTEM32\SHCORE.dll
0x00007ffee0990000 - 0x00007ffee09c4000 	C:\Windows\system32\IMM32.DLL
0x00007ffee0840000 - 0x00007ffee0978000 	C:\Windows\system32\MSCTF.dll
0x00007ffedabc0000 - 0x00007ffedae1a000 	C:\Windows\WinSxS\amd64_microsoft.windows.common-controls_6595b64144ccf1df_6.0.9600.16384_none_62475f7becb72503\COMCTL32.dll
0x00000000516c0000 - 0x0000000051792000 	C:\Program Files\Java\jdk1.7.0_79\jre\bin\msvcr100.dll
0x0000000050d40000 - 0x0000000051515000 	C:\Program Files\Java\jdk1.7.0_79\jre\bin\server\jvm.dll
0x00007ffedc850000 - 0x00007ffedc859000 	C:\Windows\SYSTEM32\WSOCK32.dll
0x00007ffedc280000 - 0x00007ffedc29f000 	C:\Windows\SYSTEM32\WINMM.dll
0x00007ffede620000 - 0x00007ffede627000 	C:\Windows\system32\PSAPI.DLL
0x00007ffedf0c0000 - 0x00007ffedf118000 	C:\Windows\system32\WS2_32.dll
0x00007ffedbfc0000 - 0x00007ffedbfea000 	C:\Windows\SYSTEM32\WINMMBASE.dll
0x00007ffededc0000 - 0x00007ffededc9000 	C:\Windows\system32\NSI.dll
0x00007ffede2e0000 - 0x00007ffede32a000 	C:\Windows\SYSTEM32\cfgmgr32.dll
0x00007ffedcd50000 - 0x00007ffedcd76000 	C:\Windows\SYSTEM32\DEVOBJ.dll
0x0000000051d30000 - 0x0000000051d3f000 	C:\Program Files\Java\jdk1.7.0_79\jre\bin\verify.dll
0x0000000050d10000 - 0x0000000050d38000 	C:\Program Files\Java\jdk1.7.0_79\jre\bin\java.dll
0x0000000050cf0000 - 0x0000000050d05000 	C:\Program Files\Java\jdk1.7.0_79\jre\bin\zip.dll
0x0000000050cd0000 - 0x0000000050cea000 	C:\Program Files\Java\jdk1.7.0_79\jre\bin\net.dll
0x00007ffedd790000 - 0x00007ffedd7e8000 	C:\Windows\system32\mswsock.dll
0x0000000050cb0000 - 0x0000000050cc1000 	C:\Program Files\Java\jdk1.7.0_79\jre\bin\nio.dll

VM Arguments:
jvm_args: -Djava.awt.headless=true -Xmx1024M -Dfile.encoding=windows-1250 -Duser.country=US -Duser.language=en -Duser.variant 
java_command: com.android.dx.command.Main --dex --num-threads=4 --output D:\Scoala\C.S.I.E III - Sem2\Licenta\CodeSource\Ridesharing\app\build\intermediates\pre-dexed\debug\com.google.android.gms-play-services-vision-8.3.0_7a6d4c91d417e2b6e75a9b07409d95d52a67886d.jar D:\Scoala\C.S.I.E III - Sem2\Licenta\CodeSource\Ridesharing\app\build\intermediates\exploded-aar\com.google.android.gms\play-services-vision\8.3.0\jars\classes.jar
Launcher Type: SUN_STANDARD

Environment Variables:
PATH=C:\ProgramData\Oracle\Java\javapath;C:\Program Files (x86)\Intel\iCLS Client\;C:\Program Files\Intel\iCLS Client\;C:\Windows\system32;C:\Windows;C:\Windows\System32\Wbem;C:\Windows\System32\WindowsPowerShell\v1.0\;C:\Program Files (x86)\ATI Technologies\ATI.ACE\Core-Static;C:\Program Files\Intel\Intel(R) Management Engine Components\DAL;C:\Program Files\Intel\Intel(R) Management Engine Components\IPT;C:\Program Files (x86)\Intel\Intel(R) Management Engine Components\DAL;C:\Program Files (x86)\Intel\Intel(R) Management Engine Components\IPT;C:\Program Files (x86)\Windows Kits\8.1\Windows Performance Toolkit\;C:\Program Files\Microsoft SQL Server\110\Tools\Binn\;C:\Program Files (x86)\AMD\ATI.ACE\Core-Static;C:\Program Files (x86)\Windows Live\Shared
USERNAME=Silviu086
OS=Windows_NT
PROCESSOR_IDENTIFIER=Intel64 Family 6 Model 58 Stepping 9, GenuineIntel



---------------  S Y S T E M  ---------------

OS: Windows 8.1 , 64 bit Build 9600 

CPU:total 4 (2 cores per cpu, 2 threads per core) family 6 model 58 stepping 9, cmov, cx8, fxsr, mmx, sse, sse2, sse3, ssse3, sse4.1, sse4.2, popcnt, avx, aes, erms, ht, tsc, tscinvbit, tscinv

Memory: 4k page, physical 4092772k(815760k free), swap 6516424k(10944k free)

vm_info: Java HotSpot(TM) 64-Bit Server VM (24.79-b02) for windows-amd64 JRE (1.7.0_79-b15), built on Apr 10 2015 12:36:16 by "java_re" with unknown MS VC++:1600

time: Wed Jul 06 00:34:07 2016
elapsed time: 1 seconds

