#
# There is insufficient memory for the Java Runtime Environment to continue.
# Native memory allocation (malloc) failed to allocate 1048576 bytes for AllocateHeap
# Possible reasons:
#   The system is out of physical RAM or swap space
#   In 32 bit mode, the process size limit was hit
# Possible solutions:
#   Reduce memory load on the system
#   Increase physical memory or swap space
#   Check if swap backing store is full
#   Use 64 bit Java on a 64 bit OS
#   Decrease Java heap size (-Xmx/-Xms)
#   Decrease number of Java threads
#   Decrease Java thread stack sizes (-Xss)
#   Set larger code cache with -XX:ReservedCodeCacheSize=
# This output file may be truncated or incomplete.
#
#  Out of Memory Error (memory/allocation.inline.hpp:61), pid=4276, tid=5328
#
# JRE version:  (7.0_79-b15) (build )
# Java VM: Java HotSpot(TM) 64-Bit Server VM (24.79-b02 mixed mode windows-amd64 compressed oops)
# Failed to write core dump. Minidumps are not enabled by default on client versions of Windows
#

---------------  T H R E A D  ---------------

Current thread (0x000000000219d800):  JavaThread "Unknown thread" [_thread_in_vm, id=5328, stack(0x0000000002200000,0x0000000002300000)]

Stack: [0x0000000002200000,0x0000000002300000]
[error occurred during error reporting (printing stack bounds), id 0xc0000005]


---------------  P R O C E S S  ---------------

Java Threads: ( => current thread )

Other Threads:

=>0x000000000219d800 (exited) JavaThread "Unknown thread" [_thread_in_vm, id=5328, stack(0x0000000002200000,0x0000000002300000)]

VM state:not at safepoint (normal execution)

VM Mutex/Monitor currently owned by a thread: None

Heap
 PSYoungGen      total 18944K, used 327K [0x00000000eaa80000, 0x00000000ebf80000, 0x0000000100000000)
  eden space 16384K, 2% used [0x00000000eaa80000,0x00000000eaad1f10,0x00000000eba80000)
  from space 2560K, 0% used [0x00000000ebd00000,0x00000000ebd00000,0x00000000ebf80000)
  to   space 2560K, 0% used [0x00000000eba80000,0x00000000eba80000,0x00000000ebd00000)
 ParOldGen       total 42496K, used 0K [0x00000000c0000000, 0x00000000c2980000, 0x00000000eaa80000)
  object space 42496K, 0% used [0x00000000c0000000,0x00000000c0000000,0x00000000c2980000)
 PSPermGen       total 21504K, used 697K [0x00000000bae00000, 0x00000000bc300000, 0x00000000c0000000)
  object space 21504K, 3% used [0x00000000bae00000,0x00000000baeae588,0x00000000bc300000)

Card table byte_map: [0x0000000005400000,0x0000000005630000] byte_map_base: 0x0000000004e29000

Polling page: 0x0000000000840000

Code Cache  [0x0000000002400000, 0x0000000002670000, 0x0000000005400000)
 total_blobs=38 nmethods=0 adapters=20 free_code_cache=48889Kb largest_free_block=50062528

Compilation events (0 events):
No events

GC Heap History (0 events):
No events

Deoptimization events (0 events):
No events

Internal exceptions (0 events):
No events

Events (10 events):
Event: 0.135 loading class 0x00000000023472f0
Event: 0.135 loading class 0x00000000023472f0 done
Event: 0.135 loading class 0x0000000002347340
Event: 0.135 loading class 0x0000000002347340 done
Event: 0.135 loading class 0x0000000002347390
Event: 0.136 loading class 0x0000000002347390 done
Event: 0.136 loading class 0x0000000002348110
Event: 0.136 loading class 0x0000000002348110 done
Event: 0.136 loading class 0x0000000002347d30
Event: 0.136 loading class 0x0000000002347d30 done


Dynamic libraries:
0x00007ff7719e0000 - 0x00007ff771a13000 	C:\Program Files\Java\jdk1.7.0_79\bin\java.exe
0x00007ffee0b50000 - 0x00007ffee0cf9000 	C:\Windows\SYSTEM32\ntdll.dll
0x00007ffede6e0000 - 0x00007ffede819000 	C:\Windows\system32\KERNEL32.DLL
0x00007ffeddfa0000 - 0x00007ffede0ae000 	C:\Windows\system32\KERNELBASE.dll
0x00007ffedcb00000 - 0x00007ffedcb8b000 	C:\Windows\system32\apphelp.dll
0x00007ffec5430000 - 0x00007ffec547f000 	C:\Windows\AppPatch\AppPatch64\AcGenral.DLL
0x00007ffee05b0000 - 0x00007ffee0657000 	C:\Windows\system32\msvcrt.dll
0x00007ffeddd10000 - 0x00007ffeddd3b000 	C:\Windows\SYSTEM32\SspiCli.dll
0x00007ffede3e0000 - 0x00007ffede431000 	C:\Windows\system32\SHLWAPI.dll
0x00007ffee09d0000 - 0x00007ffee0b41000 	C:\Windows\system32\USER32.dll
0x00007ffee06c0000 - 0x00007ffee0836000 	C:\Windows\system32\ole32.dll
0x00007ffedf1a0000 - 0x00007ffee05b0000 	C:\Windows\system32\SHELL32.dll
0x00007ffedd540000 - 0x00007ffedd55f000 	C:\Windows\SYSTEM32\USERENV.dll
0x00007ffedea00000 - 0x00007ffedeaa5000 	C:\Windows\system32\ADVAPI32.dll
0x00007ffed6080000 - 0x00007ffed609b000 	C:\Windows\SYSTEM32\MPR.dll
0x00007ffededd0000 - 0x00007ffedef06000 	C:\Windows\system32\RPCRT4.dll
0x00007ffedf140000 - 0x00007ffedf197000 	C:\Windows\SYSTEM32\sechost.dll
0x00007ffede820000 - 0x00007ffede9f7000 	C:\Windows\SYSTEM32\combase.dll
0x00007ffedeb50000 - 0x00007ffedec95000 	C:\Windows\system32\GDI32.dll
0x00007ffedded0000 - 0x00007ffeddee4000 	C:\Windows\SYSTEM32\profapi.dll
0x00007ffedc1a0000 - 0x00007ffedc241000 	C:\Windows\SYSTEM32\SHCORE.dll
0x00007ffee0990000 - 0x00007ffee09c4000 	C:\Windows\system32\IMM32.DLL
0x00007ffee0840000 - 0x00007ffee0978000 	C:\Windows\system32\MSCTF.dll
0x00007ffedabc0000 - 0x00007ffedae1a000 	C:\Windows\WinSxS\amd64_microsoft.windows.common-controls_6595b64144ccf1df_6.0.9600.16384_none_62475f7becb72503\COMCTL32.dll
0x00000000517b0000 - 0x0000000051882000 	C:\Program Files\Java\jdk1.7.0_79\jre\bin\msvcr100.dll
0x0000000050d40000 - 0x0000000051515000 	C:\Program Files\Java\jdk1.7.0_79\jre\bin\server\jvm.dll
0x00007ffedc850000 - 0x00007ffedc859000 	C:\Windows\SYSTEM32\WSOCK32.dll
0x00007ffedc280000 - 0x00007ffedc29f000 	C:\Windows\SYSTEM32\WINMM.dll
0x00007ffede620000 - 0x00007ffede627000 	C:\Windows\system32\PSAPI.DLL
0x00007ffedf0c0000 - 0x00007ffedf118000 	C:\Windows\system32\WS2_32.dll
0x00007ffedbfc0000 - 0x00007ffedbfea000 	C:\Windows\SYSTEM32\WINMMBASE.dll
0x00007ffededc0000 - 0x00007ffededc9000 	C:\Windows\system32\NSI.dll
0x00007ffede2e0000 - 0x00007ffede32a000 	C:\Windows\SYSTEM32\cfgmgr32.dll
0x00007ffedcd50000 - 0x00007ffedcd76000 	C:\Windows\SYSTEM32\DEVOBJ.dll
0x0000000051d30000 - 0x0000000051d3f000 	C:\Program Files\Java\jdk1.7.0_79\jre\bin\verify.dll
0x0000000050d10000 - 0x0000000050d38000 	C:\Program Files\Java\jdk1.7.0_79\jre\bin\java.dll
0x0000000050cf0000 - 0x0000000050d05000 	C:\Program Files\Java\jdk1.7.0_79\jre\bin\zip.dll

VM Arguments:
jvm_args: -Djava.awt.headless=true -Xmx1024M -Dfile.encoding=windows-1250 -Duser.country=US -Duser.language=en -Duser.variant 
java_command: com.android.dx.command.Main --dex --num-threads=4 --output D:\Scoala\C.S.I.E III - Sem2\Licenta\CodeSource\Ridesharing\app\build\intermediates\pre-dexed\debug\com.google.android.gms-play-services-auth-8.3.0_d2ab2f0081fcbd4855f189ac4dbc250e51866de4.jar D:\Scoala\C.S.I.E III - Sem2\Licenta\CodeSource\Ridesharing\app\build\intermediates\exploded-aar\com.google.android.gms\play-services-auth\8.3.0\jars\classes.jar
Launcher Type: SUN_STANDARD

Environment Variables:
PATH=C:\ProgramData\Oracle\Java\javapath;C:\Program Files (x86)\Intel\iCLS Client\;C:\Program Files\Intel\iCLS Client\;C:\Windows\system32;C:\Windows;C:\Windows\System32\Wbem;C:\Windows\System32\WindowsPowerShell\v1.0\;C:\Program Files (x86)\ATI Technologies\ATI.ACE\Core-Static;C:\Program Files\Intel\Intel(R) Management Engine Components\DAL;C:\Program Files\Intel\Intel(R) Management Engine Components\IPT;C:\Program Files (x86)\Intel\Intel(R) Management Engine Components\DAL;C:\Program Files (x86)\Intel\Intel(R) Management Engine Components\IPT;C:\Program Files (x86)\Windows Kits\8.1\Windows Performance Toolkit\;C:\Program Files\Microsoft SQL Server\110\Tools\Binn\;C:\Program Files (x86)\AMD\ATI.ACE\Core-Static;C:\Program Files (x86)\Windows Live\Shared
USERNAME=Silviu086
OS=Windows_NT
PROCESSOR_IDENTIFIER=Intel64 Family 6 Model 58 Stepping 9, GenuineIntel



---------------  S Y S T E M  ---------------

OS: Windows 8.1 , 64 bit Build 9600 

CPU:total 4 (2 cores per cpu, 2 threads per core) family 6 model 58 stepping 9, cmov, cx8, fxsr, mmx, sse, sse2, sse3, ssse3, sse4.1, sse4.2, popcnt, avx, aes, erms, ht, tsc, tscinvbit, tscinv

Memory: 4k page, physical 4092772k(1149100k free), swap 6552480k(5400k free)

vm_info: Java HotSpot(TM) 64-Bit Server VM (24.79-b02) for windows-amd64 JRE (1.7.0_79-b15), built on Apr 10 2015 12:36:16 by "java_re" with unknown MS VC++:1600

time: Wed Jul 06 01:41:14 2016
elapsed time: 0 seconds

