#
# There is insufficient memory for the Java Runtime Environment to continue.
# Native memory allocation (malloc) failed to allocate 737776 bytes for Chunk::new
# Possible reasons:
#   The system is out of physical RAM or swap space
#   In 32 bit mode, the process size limit was hit
# Possible solutions:
#   Reduce memory load on the system
#   Increase physical memory or swap space
#   Check if swap backing store is full
#   Use 64 bit Java on a 64 bit OS
#   Decrease Java heap size (-Xmx/-Xms)
#   Decrease number of Java threads
#   Decrease Java thread stack sizes (-Xss)
#   Set larger code cache with -XX:ReservedCodeCacheSize=
# This output file may be truncated or incomplete.
#
#  Out of Memory Error (allocation.cpp:323), pid=4744, tid=6464
#
# JRE version: Java(TM) SE Runtime Environment (7.0_79-b15) (build 1.7.0_79-b15)
# Java VM: Java HotSpot(TM) 64-Bit Server VM (24.79-b02 mixed mode windows-amd64 compressed oops)
# Failed to write core dump. Minidumps are not enabled by default on client versions of Windows
#

---------------  T H R E A D  ---------------

Current thread (0x0000000007e3f000):  JavaThread "C2 CompilerThread1" daemon [_thread_in_native, id=6464, stack(0x00000000094b0000,0x00000000095b0000)]

Stack: [0x00000000094b0000,0x00000000095b0000]
[error occurred during error reporting (printing stack bounds), id 0xc0000005]


Current CompileTask:
C2:   4035  242   !         com.android.dx.cf.code.Ropper::processBlock (1101 bytes)


---------------  P R O C E S S  ---------------

Java Threads: ( => current thread )
  0x000000000994b800 JavaThread "pool-1-thread-2" [_thread_in_Java, id=4952, stack(0x0000000009db0000,0x0000000009eb0000)]
  0x000000000998b800 JavaThread "pool-2-thread-1" [_thread_blocked, id=3764, stack(0x0000000009cb0000,0x0000000009db0000)]
  0x0000000007e41800 JavaThread "Service Thread" daemon [_thread_blocked, id=828, stack(0x00000000095b0000,0x00000000096b0000)]
=>0x0000000007e3f000 JavaThread "C2 CompilerThread1" daemon [_thread_in_native, id=6464, stack(0x00000000094b0000,0x00000000095b0000)]
  0x0000000007e35000 JavaThread "C2 CompilerThread0" daemon [_thread_in_native, id=7108, stack(0x00000000093b0000,0x00000000094b0000)]
  0x0000000007e34000 JavaThread "Attach Listener" daemon [_thread_blocked, id=5008, stack(0x00000000092b0000,0x00000000093b0000)]
  0x0000000007e31000 JavaThread "Signal Dispatcher" daemon [_thread_blocked, id=4800, stack(0x00000000091b0000,0x00000000092b0000)]
  0x0000000007dff000 JavaThread "Finalizer" daemon [_thread_blocked, id=6640, stack(0x00000000090b0000,0x00000000091b0000)]
  0x0000000007df6000 JavaThread "Reference Handler" daemon [_thread_blocked, id=6656, stack(0x0000000008fb0000,0x00000000090b0000)]
  0x0000000001e4d800 JavaThread "main" [_thread_blocked, id=2532, stack(0x0000000001ce0000,0x0000000001de0000)]

Other Threads:
  0x0000000007df2000 VMThread [stack: 0x0000000008eb0000,0x0000000008fb0000] [id=6092]
  0x0000000007e50000 WatcherThread [stack: 0x00000000096b0000,0x00000000097b0000] [id=6852]

VM state:not at safepoint (normal execution)

VM Mutex/Monitor currently owned by a thread: None

Heap
 PSYoungGen      total 18944K, used 11275K [0x00000000eaa80000, 0x00000000ecf80000, 0x0000000100000000)
  eden space 16384K, 53% used [0x00000000eaa80000,0x00000000eb30ae88,0x00000000eba80000)
  from space 2560K, 98% used [0x00000000eba80000,0x00000000ebcf8028,0x00000000ebd00000)
  to   space 2560K, 0% used [0x00000000ecd00000,0x00000000ecd00000,0x00000000ecf80000)
 ParOldGen       total 42496K, used 6227K [0x00000000c0000000, 0x00000000c2980000, 0x00000000eaa80000)
  object space 42496K, 14% used [0x00000000c0000000,0x00000000c0614ef0,0x00000000c2980000)
 PSPermGen       total 21504K, used 5895K [0x00000000bae00000, 0x00000000bc300000, 0x00000000c0000000)
  object space 21504K, 27% used [0x00000000bae00000,0x00000000bb3c1c58,0x00000000bc300000)

Card table byte_map: [0x0000000005060000,0x0000000005290000] byte_map_base: 0x0000000004a89000

Polling page: 0x0000000000730000

Code Cache  [0x0000000001fa0000, 0x0000000002210000, 0x0000000004fa0000)
 total_blobs=477 nmethods=240 adapters=189 free_code_cache=48176Kb largest_free_block=49283200

Compilation events (10 events):
Event: 3.797 Thread 0x0000000007e3f000 nmethod 237 0x00000000020685d0 code [0x0000000002068720, 0x0000000002068848]
Event: 3.797 Thread 0x0000000007e3f000  238             com.android.dx.rop.code.RegisterSpec::make (7 bytes)
Event: 3.798 Thread 0x0000000007e3f000 nmethod 238 0x000000000206b450 code [0x000000000206b5a0, 0x000000000206b608]
Event: 3.798 Thread 0x0000000007e3f000  239             com.android.dx.ssa.SsaMethod::buildUseList (112 bytes)
Event: 3.815 Thread 0x0000000007e3f000 nmethod 239 0x00000000020872d0 code [0x00000000020874a0, 0x0000000002087e48]
Event: 3.816 Thread 0x0000000007e3f000  240             java.util.Collections$UnmodifiableCollection$1::next (10 bytes)
Event: 3.817 Thread 0x0000000007e3f000 nmethod 240 0x00000000020137d0 code [0x0000000002013940, 0x0000000002013aa8]
Event: 3.818 Thread 0x0000000007e3f000  241             com.android.dx.rop.cst.CstBaseMethodRef::compareTo0 (29 bytes)
Event: 3.827 Thread 0x0000000007e3f000 nmethod 241 0x000000000206a050 code [0x000000000206a1e0, 0x000000000206a9b8]
Event: 3.827 Thread 0x0000000007e3f000  242   !         com.android.dx.cf.code.Ropper::processBlock (1101 bytes)

GC Heap History (6 events):
Event: 2.774 GC heap before
{Heap before GC invocations=1 (full 0):
 PSYoungGen      total 18944K, used 16384K [0x00000000eaa80000, 0x00000000ebf80000, 0x0000000100000000)
  eden space 16384K, 100% used [0x00000000eaa80000,0x00000000eba80000,0x00000000eba80000)
  from space 2560K, 0% used [0x00000000ebd00000,0x00000000ebd00000,0x00000000ebf80000)
  to   space 2560K, 0% used [0x00000000eba80000,0x00000000eba80000,0x00000000ebd00000)
 ParOldGen       total 42496K, used 0K [0x00000000c0000000, 0x00000000c2980000, 0x00000000eaa80000)
  object space 42496K, 0% used [0x00000000c0000000,0x00000000c0000000,0x00000000c2980000)
 PSPermGen       total 21504K, used 5635K [0x00000000bae00000, 0x00000000bc300000, 0x00000000c0000000)
  object space 21504K, 26% used [0x00000000bae00000,0x00000000bb380c88,0x00000000bc300000)
Event: 2.857 GC heap after
Heap after GC invocations=1 (full 0):
 PSYoungGen      total 18944K, used 2551K [0x00000000eaa80000, 0x00000000ebf80000, 0x0000000100000000)
  eden space 16384K, 0% used [0x00000000eaa80000,0x00000000eaa80000,0x00000000eba80000)
  from space 2560K, 99% used [0x00000000eba80000,0x00000000ebcfdc78,0x00000000ebd00000)
  to   space 2560K, 0% used [0x00000000ebd00000,0x00000000ebd00000,0x00000000ebf80000)
 ParOldGen       total 42496K, used 1243K [0x00000000c0000000, 0x00000000c2980000, 0x00000000eaa80000)
  object space 42496K, 2% used [0x00000000c0000000,0x00000000c0136c90,0x00000000c2980000)
 PSPermGen       total 21504K, used 5635K [0x00000000bae00000, 0x00000000bc300000, 0x00000000c0000000)
  object space 21504K, 26% used [0x00000000bae00000,0x00000000bb380c88,0x00000000bc300000)
}
Event: 3.182 GC heap before
{Heap before GC invocations=2 (full 0):
 PSYoungGen      total 18944K, used 18935K [0x00000000eaa80000, 0x00000000ebf80000, 0x0000000100000000)
  eden space 16384K, 100% used [0x00000000eaa80000,0x00000000eba80000,0x00000000eba80000)
  from space 2560K, 99% used [0x00000000eba80000,0x00000000ebcfdc78,0x00000000ebd00000)
  to   space 2560K, 0% used [0x00000000ebd00000,0x00000000ebd00000,0x00000000ebf80000)
 ParOldGen       total 42496K, used 1243K [0x00000000c0000000, 0x00000000c2980000, 0x00000000eaa80000)
  object space 42496K, 2% used [0x00000000c0000000,0x00000000c0136c90,0x00000000c2980000)
 PSPermGen       total 21504K, used 5833K [0x00000000bae00000, 0x00000000bc300000, 0x00000000c0000000)
  object space 21504K, 27% used [0x00000000bae00000,0x00000000bb3b2530,0x00000000bc300000)
Event: 3.193 GC heap after
Heap after GC invocations=2 (full 0):
 PSYoungGen      total 18944K, used 2535K [0x00000000eaa80000, 0x00000000ecf80000, 0x0000000100000000)
  eden space 16384K, 0% used [0x00000000eaa80000,0x00000000eaa80000,0x00000000eba80000)
  from space 2560K, 99% used [0x00000000ebd00000,0x00000000ebf79c78,0x00000000ebf80000)
  to   space 2560K, 0% used [0x00000000eba80000,0x00000000eba80000,0x00000000ebd00000)
 ParOldGen       total 42496K, used 3678K [0x00000000c0000000, 0x00000000c2980000, 0x00000000eaa80000)
  object space 42496K, 8% used [0x00000000c0000000,0x00000000c03978d0,0x00000000c2980000)
 PSPermGen       total 21504K, used 5833K [0x00000000bae00000, 0x00000000bc300000, 0x00000000c0000000)
  object space 21504K, 27% used [0x00000000bae00000,0x00000000bb3b2530,0x00000000bc300000)
}
Event: 3.591 GC heap before
{Heap before GC invocations=3 (full 0):
 PSYoungGen      total 18944K, used 18919K [0x00000000eaa80000, 0x00000000ecf80000, 0x0000000100000000)
  eden space 16384K, 100% used [0x00000000eaa80000,0x00000000eba80000,0x00000000eba80000)
  from space 2560K, 99% used [0x00000000ebd00000,0x00000000ebf79c78,0x00000000ebf80000)
  to   space 2560K, 0% used [0x00000000eba80000,0x00000000eba80000,0x00000000ebd00000)
 ParOldGen       total 42496K, used 3678K [0x00000000c0000000, 0x00000000c2980000, 0x00000000eaa80000)
  object space 42496K, 8% used [0x00000000c0000000,0x00000000c03978d0,0x00000000c2980000)
 PSPermGen       total 21504K, used 5874K [0x00000000bae00000, 0x00000000bc300000, 0x00000000c0000000)
  object space 21504K, 27% used [0x00000000bae00000,0x00000000bb3bc958,0x00000000bc300000)
Event: 3.604 GC heap after
Heap after GC invocations=3 (full 0):
 PSYoungGen      total 18944K, used 2528K [0x00000000eaa80000, 0x00000000ecf80000, 0x0000000100000000)
  eden space 16384K, 0% used [0x00000000eaa80000,0x00000000eaa80000,0x00000000eba80000)
  from space 2560K, 98% used [0x00000000eba80000,0x00000000ebcf8028,0x00000000ebd00000)
  to   space 2560K, 0% used [0x00000000ecd00000,0x00000000ecd00000,0x00000000ecf80000)
 ParOldGen       total 42496K, used 6227K [0x00000000c0000000, 0x00000000c2980000, 0x00000000eaa80000)
  object space 42496K, 14% used [0x00000000c0000000,0x00000000c0614ef0,0x00000000c2980000)
 PSPermGen       total 21504K, used 5874K [0x00000000bae00000, 0x00000000bc300000, 0x00000000c0000000)
  object space 21504K, 27% used [0x00000000bae00000,0x00000000bb3bc958,0x00000000bc300000)
}

Deoptimization events (10 events):
Event: 2.517 Thread 0x000000000998e800 Uncommon trap: reason=null_check action=make_not_entrant pc=0x000000000201ecb4 method=com.android.dx.rop.code.LocalItem.equals(Ljava/lang/Object;)Z @ 1
Event: 2.944 Thread 0x0000000001e4d800 Uncommon trap: reason=class_check action=maybe_recompile pc=0x00000000020339e4 method=com.android.dx.rop.type.Type.equals(Ljava/lang/Object;)Z @ 8
Event: 2.944 Thread 0x0000000001e4d800 Uncommon trap: reason=class_check action=maybe_recompile pc=0x00000000020339e4 method=com.android.dx.rop.type.Type.equals(Ljava/lang/Object;)Z @ 8
Event: 2.949 Thread 0x0000000001e4d800 Uncommon trap: reason=class_check action=maybe_recompile pc=0x00000000020339e4 method=com.android.dx.rop.type.Type.equals(Ljava/lang/Object;)Z @ 8
Event: 2.950 Thread 0x0000000001e4d800 Uncommon trap: reason=class_check action=maybe_recompile pc=0x00000000020339e4 method=com.android.dx.rop.type.Type.equals(Ljava/lang/Object;)Z @ 8
Event: 2.950 Thread 0x0000000001e4d800 Uncommon trap: reason=class_check action=maybe_recompile pc=0x0000000002040a50 method=com.android.dx.rop.type.Type.equals(Ljava/lang/Object;)Z @ 8
Event: 3.046 Thread 0x000000000994b800 Uncommon trap: reason=unreached action=reinterpret pc=0x0000000002027f84 method=com.android.dx.rop.cst.Constant.compareTo(Lcom/android/dx/rop/cst/Constant;)I @ 12
Event: 3.141 Thread 0x000000000994b800 Uncommon trap: reason=null_check action=make_not_entrant pc=0x00000000020607a8 method=com.android.dx.rop.code.RegisterSpec.equals(Ljava/lang/Object;)Z @ 1
Event: 3.239 Thread 0x000000000994b800 Uncommon trap: reason=null_check action=make_not_entrant pc=0x0000000002049890 method=com.android.dx.rop.type.Type.equals(Ljava/lang/Object;)Z @ 8
Event: 3.390 Thread 0x0000000001e4d800 Uncommon trap: reason=null_check action=make_not_entrant pc=0x00000000020786dc method=com.android.dx.rop.type.Type.putIntern(Lcom/android/dx/rop/type/Type;)Lcom/android/dx/rop/type/Type; @ 18

Internal exceptions (10 events):
Event: 2.508 Thread 0x0000000001e4d800 Threw 0x00000000eb8b4ab8 at C:\re\jdk7u79\2331\hotspot\src\share\vm\prims\jvm.cpp:1304
Event: 2.509 Thread 0x0000000001e4d800 Threw 0x00000000eb8b6ef8 at C:\re\jdk7u79\2331\hotspot\src\share\vm\prims\jvm.cpp:1304
Event: 2.517 Thread 0x000000000998e800 Implicit null exception at 0x000000000201e616 to 0x000000000201eca1
Event: 2.888 Thread 0x00000000099cd000 Threw 0x00000000eacca358 at C:\re\jdk7u79\2331\hotspot\src\share\vm\prims\jvm.cpp:1304
Event: 2.902 Thread 0x0000000001e4d800 Threw 0x00000000eacf4d40 at C:\re\jdk7u79\2331\hotspot\src\share\vm\prims\jvm.cpp:1304
Event: 2.942 Thread 0x0000000001e4d800 Threw 0x00000000eb00a448 at C:\re\jdk7u79\2331\hotspot\src\share\vm\prims\jvm.cpp:1304
Event: 3.007 Thread 0x000000000998e800 Threw 0x00000000eb33c7c8 at C:\re\jdk7u79\2331\hotspot\src\share\vm\prims\jvm.cpp:1304
Event: 3.141 Thread 0x000000000994b800 Implicit null exception at 0x000000000205f7d2 to 0x0000000002060779
Event: 3.239 Thread 0x000000000994b800 Implicit null exception at 0x0000000002049792 to 0x0000000002049882
Event: 3.390 Thread 0x0000000001e4d800 Implicit null exception at 0x0000000002077feb to 0x00000000020786cd

Events (10 events):
Event: 3.588 Executing VM operation: ParallelGCFailedAllocation
Event: 3.604 Executing VM operation: ParallelGCFailedAllocation done
Event: 3.690 loading class 0x0000000001f1aa70
Event: 3.691 loading class 0x0000000001f1aa70 done
Event: 3.691 loading class 0x0000000001f1aa40
Event: 3.691 loading class 0x0000000001f1aa40 done
Event: 3.707 Thread 0x00000000099cd000 Thread exited: 0x00000000099cd000
Event: 3.730 Thread 0x000000000998f000 Thread exited: 0x000000000998f000
Event: 3.737 Thread 0x000000000998e800 Thread exited: 0x000000000998e800
Event: 3.798 Thread 0x0000000007e3f000 flushing nmethod 0x00000000020135d0


Dynamic libraries:
0x00007ff622d10000 - 0x00007ff622d43000 	C:\Program Files\Java\jdk1.7.0_79\bin\java.exe
0x00007ff81a410000 - 0x00007ff81a5b9000 	C:\Windows\SYSTEM32\ntdll.dll
0x00007ff819700000 - 0x00007ff819839000 	C:\Windows\system32\KERNEL32.DLL
0x00007ff817960000 - 0x00007ff817a6e000 	C:\Windows\system32\KERNELBASE.dll
0x00007ff8163c0000 - 0x00007ff81644b000 	C:\Windows\system32\apphelp.dll
0x00007ff809db0000 - 0x00007ff809dff000 	C:\Windows\AppPatch\AppPatch64\AcGenral.DLL
0x00007ff81a060000 - 0x00007ff81a107000 	C:\Windows\system32\msvcrt.dll
0x00007ff8175d0000 - 0x00007ff8175fb000 	C:\Windows\SYSTEM32\SspiCli.dll
0x00007ff819980000 - 0x00007ff8199d1000 	C:\Windows\system32\SHLWAPI.dll
0x00007ff819bc0000 - 0x00007ff819d31000 	C:\Windows\system32\USER32.dll
0x00007ff819170000 - 0x00007ff8192e6000 	C:\Windows\system32\ole32.dll
0x00007ff817d60000 - 0x00007ff819170000 	C:\Windows\system32\SHELL32.dll
0x00007ff816e00000 - 0x00007ff816e1f000 	C:\Windows\SYSTEM32\USERENV.dll
0x00007ff819360000 - 0x00007ff819405000 	C:\Windows\system32\ADVAPI32.dll
0x00007ff80fa30000 - 0x00007ff80fa4b000 	C:\Windows\SYSTEM32\MPR.dll
0x00007ff819e10000 - 0x00007ff819f46000 	C:\Windows\system32\RPCRT4.dll
0x00007ff81a3a0000 - 0x00007ff81a3f7000 	C:\Windows\SYSTEM32\sechost.dll
0x00007ff81a1c0000 - 0x00007ff81a397000 	C:\Windows\SYSTEM32\combase.dll
0x00007ff8195b0000 - 0x00007ff8196f5000 	C:\Windows\system32\GDI32.dll
0x00007ff817790000 - 0x00007ff8177a4000 	C:\Windows\SYSTEM32\profapi.dll
0x00007ff815de0000 - 0x00007ff815e81000 	C:\Windows\SYSTEM32\SHCORE.dll
0x00007ff817d00000 - 0x00007ff817d34000 	C:\Windows\system32\IMM32.DLL
0x00007ff819840000 - 0x00007ff819978000 	C:\Windows\system32\MSCTF.dll
0x00007ff8153f0000 - 0x00007ff81564a000 	C:\Windows\WinSxS\amd64_microsoft.windows.common-controls_6595b64144ccf1df_6.0.9600.16384_none_62475f7becb72503\COMCTL32.dll
0x000000005aad0000 - 0x000000005aba2000 	C:\Program Files\Java\jdk1.7.0_79\jre\bin\msvcr100.dll
0x000000005af70000 - 0x000000005b745000 	C:\Program Files\Java\jdk1.7.0_79\jre\bin\server\jvm.dll
0x00007ff815b40000 - 0x00007ff815b49000 	C:\Windows\SYSTEM32\WSOCK32.dll
0x00007ff8153c0000 - 0x00007ff8153df000 	C:\Windows\SYSTEM32\WINMM.dll
0x00007ff819f50000 - 0x00007ff819f57000 	C:\Windows\system32\PSAPI.DLL
0x00007ff81a000000 - 0x00007ff81a058000 	C:\Windows\system32\WS2_32.dll
0x00007ff815390000 - 0x00007ff8153ba000 	C:\Windows\SYSTEM32\WINMMBASE.dll
0x00007ff819d40000 - 0x00007ff819d49000 	C:\Windows\system32\NSI.dll
0x00007ff817910000 - 0x00007ff81795a000 	C:\Windows\SYSTEM32\cfgmgr32.dll
0x00007ff816610000 - 0x00007ff816636000 	C:\Windows\SYSTEM32\DEVOBJ.dll
0x000000005c0c0000 - 0x000000005c0cf000 	C:\Program Files\Java\jdk1.7.0_79\jre\bin\verify.dll
0x000000005af40000 - 0x000000005af68000 	C:\Program Files\Java\jdk1.7.0_79\jre\bin\java.dll
0x000000005af20000 - 0x000000005af35000 	C:\Program Files\Java\jdk1.7.0_79\jre\bin\zip.dll
0x000000005af00000 - 0x000000005af1a000 	C:\Program Files\Java\jdk1.7.0_79\jre\bin\net.dll
0x00007ff817050000 - 0x00007ff8170a8000 	C:\Windows\system32\mswsock.dll
0x000000005aee0000 - 0x000000005aef1000 	C:\Program Files\Java\jdk1.7.0_79\jre\bin\nio.dll

VM Arguments:
jvm_args: -Djava.awt.headless=true -Xmx1024M -Dfile.encoding=windows-1250 -Duser.country=US -Duser.language=en -Duser.variant 
java_command: com.android.dx.command.Main --dex --num-threads=4 --output D:\Scoala\C.S.I.E III - Sem2\Licenta\CodeSource\Ridesharing\app\build\intermediates\pre-dexed\debug\com.google.android.gms-play-services-auth-8.3.0_d2ab2f0081fcbd4855f189ac4dbc250e51866de4.jar D:\Scoala\C.S.I.E III - Sem2\Licenta\CodeSource\Ridesharing\app\build\intermediates\exploded-aar\com.google.android.gms\play-services-auth\8.3.0\jars\classes.jar
Launcher Type: SUN_STANDARD

Environment Variables:
PATH=C:\ProgramData\Oracle\Java\javapath;C:\Program Files (x86)\Intel\iCLS Client\;C:\Program Files\Intel\iCLS Client\;C:\Windows\system32;C:\Windows;C:\Windows\System32\Wbem;C:\Windows\System32\WindowsPowerShell\v1.0\;C:\Program Files (x86)\ATI Technologies\ATI.ACE\Core-Static;C:\Program Files\Intel\Intel(R) Management Engine Components\DAL;C:\Program Files\Intel\Intel(R) Management Engine Components\IPT;C:\Program Files (x86)\Intel\Intel(R) Management Engine Components\DAL;C:\Program Files (x86)\Intel\Intel(R) Management Engine Components\IPT;C:\Program Files (x86)\Windows Kits\8.1\Windows Performance Toolkit\;C:\Program Files\Microsoft SQL Server\110\Tools\Binn\;C:\Program Files (x86)\AMD\ATI.ACE\Core-Static;C:\Program Files (x86)\Windows Live\Shared
USERNAME=Silviu086
OS=Windows_NT
PROCESSOR_IDENTIFIER=Intel64 Family 6 Model 58 Stepping 9, GenuineIntel



---------------  S Y S T E M  ---------------

OS: Windows 8.1 , 64 bit Build 9600 

CPU:total 4 (2 cores per cpu, 2 threads per core) family 6 model 58 stepping 9, cmov, cx8, fxsr, mmx, sse, sse2, sse3, ssse3, sse4.1, sse4.2, popcnt, avx, aes, erms, ht, tsc, tscinvbit, tscinv

Memory: 4k page, physical 4092772k(294468k free), swap 6742792k(5096k free)

vm_info: Java HotSpot(TM) 64-Bit Server VM (24.79-b02) for windows-amd64 JRE (1.7.0_79-b15), built on Apr 10 2015 12:36:16 by "java_re" with unknown MS VC++:1600

time: Thu Jul 07 20:55:47 2016
elapsed time: 4 seconds

