#
# There is insufficient memory for the Java Runtime Environment to continue.
# Native memory allocation (malloc) failed to allocate 264016 bytes for Chunk::new
# Possible reasons:
#   The system is out of physical RAM or swap space
#   In 32 bit mode, the process size limit was hit
# Possible solutions:
#   Reduce memory load on the system
#   Increase physical memory or swap space
#   Check if swap backing store is full
#   Use 64 bit Java on a 64 bit OS
#   Decrease Java heap size (-Xmx/-Xms)
#   Decrease number of Java threads
#   Decrease Java thread stack sizes (-Xss)
#   Set larger code cache with -XX:ReservedCodeCacheSize=
# This output file may be truncated or incomplete.
#
#  Out of Memory Error (allocation.cpp:323), pid=1664, tid=6768
#
# JRE version: Java(TM) SE Runtime Environment (7.0_79-b15) (build 1.7.0_79-b15)
# Java VM: Java HotSpot(TM) 64-Bit Server VM (24.79-b02 mixed mode windows-amd64 compressed oops)
# Failed to write core dump. Minidumps are not enabled by default on client versions of Windows
#

---------------  T H R E A D  ---------------

Current thread (0x0000000008a0f000):  JavaThread "C2 CompilerThread1" daemon [_thread_in_native, id=6768, stack(0x000000000a090000,0x000000000a190000)]

Stack: [0x000000000a090000,0x000000000a190000]
[error occurred during error reporting (printing stack bounds), id 0xc0000005]


[error occurred during error reporting (printing native stack), id 0xc0000005]


Current CompileTask:
C2:    883   99             com.android.dx.ssa.SsaMethod::forEachInsn (36 bytes)


---------------  P R O C E S S  ---------------

Java Threads: ( => current thread )
  0x000000000a6bb800 JavaThread "pool-1-thread-4" [_thread_in_Java, id=3972, stack(0x000000000ab90000,0x000000000ac90000)]
  0x000000000a6ba000 JavaThread "pool-1-thread-3" [_thread_in_Java, id=2772, stack(0x000000000aa90000,0x000000000ab90000)]
  0x000000000a499800 JavaThread "pool-1-thread-2" [_thread_blocked, id=7160, stack(0x000000000a990000,0x000000000aa90000)]
  0x000000000a498800 JavaThread "pool-2-thread-1" [_thread_blocked, id=6164, stack(0x000000000a890000,0x000000000a990000)]
  0x000000000a49e000 JavaThread "pool-1-thread-1" [_thread_in_Java, id=2992, stack(0x000000000a790000,0x000000000a890000)]
  0x0000000008a19000 JavaThread "Service Thread" daemon [_thread_blocked, id=5348, stack(0x000000000a190000,0x000000000a290000)]
=>0x0000000008a0f000 JavaThread "C2 CompilerThread1" daemon [_thread_in_native, id=6768, stack(0x000000000a090000,0x000000000a190000)]
  0x0000000008a0d000 JavaThread "C2 CompilerThread0" daemon [_thread_in_native, id=2820, stack(0x0000000009f90000,0x000000000a090000)]
  0x0000000008a0c000 JavaThread "Attach Listener" daemon [_thread_blocked, id=1524, stack(0x0000000009e90000,0x0000000009f90000)]
  0x0000000008a09000 JavaThread "Signal Dispatcher" daemon [_thread_blocked, id=5140, stack(0x0000000009d90000,0x0000000009e90000)]
  0x00000000089cf000 JavaThread "Finalizer" daemon [_thread_blocked, id=84, stack(0x0000000009c90000,0x0000000009d90000)]
  0x00000000089c6000 JavaThread "Reference Handler" daemon [_thread_blocked, id=3040, stack(0x0000000009b90000,0x0000000009c90000)]
  0x000000000112d800 JavaThread "main" [_thread_in_Java, id=2196, stack(0x0000000002970000,0x0000000002a70000)]

Other Threads:
  0x00000000089c2000 VMThread [stack: 0x0000000009a90000,0x0000000009b90000] [id=2636]
  0x0000000008a23800 WatcherThread [stack: 0x000000000a290000,0x000000000a390000] [id=2432]

VM state:not at safepoint (normal execution)

VM Mutex/Monitor currently owned by a thread: None

Heap
 PSYoungGen      total 18944K, used 7101K [0x00000000eaa80000, 0x00000000ecf80000, 0x0000000100000000)
  eden space 16384K, 27% used [0x00000000eaa80000,0x00000000eaef62a8,0x00000000eba80000)
  from space 2560K, 98% used [0x00000000eba80000,0x00000000ebcf9260,0x00000000ebd00000)
  to   space 2560K, 0% used [0x00000000ecd00000,0x00000000ecd00000,0x00000000ecf80000)
 ParOldGen       total 42496K, used 724K [0x00000000c0000000, 0x00000000c2980000, 0x00000000eaa80000)
  object space 42496K, 1% used [0x00000000c0000000,0x00000000c00b5380,0x00000000c2980000)
 PSPermGen       total 21504K, used 5633K [0x00000000bae00000, 0x00000000bc300000, 0x00000000c0000000)
  object space 21504K, 26% used [0x00000000bae00000,0x00000000bb3806b0,0x00000000bc300000)

Card table byte_map: [0x0000000005c30000,0x0000000005e60000] byte_map_base: 0x0000000005659000

Polling page: 0x0000000001130000

Code Cache  [0x0000000002b70000, 0x0000000002de0000, 0x0000000005b70000)
 total_blobs=338 nmethods=101 adapters=189 free_code_cache=48600Kb largest_free_block=49749760

Compilation events (10 events):
Event: 0.869 Thread 0x0000000008a0f000 nmethod 97 0x0000000002bf32d0 code [0x0000000002bf3400, 0x0000000002bf3478]
Event: 0.869 Thread 0x0000000008a0f000   98             java.util.HashMap::indexFor (6 bytes)
Event: 0.869 Thread 0x0000000008a0f000 nmethod 98 0x0000000002bf3110 code [0x0000000002bf3240, 0x0000000002bf3278]
Event: 0.871 Thread 0x0000000008a0d000 nmethod 89 0x0000000002bfc610 code [0x0000000002bfc800, 0x0000000002bfd4d0]
Event: 0.872 Thread 0x0000000008a0f000   99             com.android.dx.ssa.SsaMethod::forEachInsn (36 bytes)
Event: 0.873 Thread 0x0000000008a0d000  100             java.util.BitSet::cardinality (32 bytes)
Event: 0.875 Thread 0x0000000008a0d000 nmethod 100 0x0000000002bf2ed0 code [0x0000000002bf3000, 0x0000000002bf3098]
Event: 0.875 Thread 0x0000000008a0d000  101   !         com.android.dx.util.FixedSizeList::<init> (36 bytes)
Event: 0.876 Thread 0x0000000008a0d000 nmethod 101 0x0000000002bf2b90 code [0x0000000002bf2ce0, 0x0000000002bf2e18]
Event: 0.876 Thread 0x0000000008a0d000  102             com.android.dx.util.LabeledList::addLabelIndex (43 bytes)

GC Heap History (2 events):
Event: 0.642 GC heap before
{Heap before GC invocations=1 (full 0):
 PSYoungGen      total 18944K, used 16384K [0x00000000eaa80000, 0x00000000ebf80000, 0x0000000100000000)
  eden space 16384K, 100% used [0x00000000eaa80000,0x00000000eba80000,0x00000000eba80000)
  from space 2560K, 0% used [0x00000000ebd00000,0x00000000ebd00000,0x00000000ebf80000)
  to   space 2560K, 0% used [0x00000000eba80000,0x00000000eba80000,0x00000000ebd00000)
 ParOldGen       total 42496K, used 0K [0x00000000c0000000, 0x00000000c2980000, 0x00000000eaa80000)
  object space 42496K, 0% used [0x00000000c0000000,0x00000000c0000000,0x00000000c2980000)
 PSPermGen       total 21504K, used 5559K [0x00000000bae00000, 0x00000000bc300000, 0x00000000c0000000)
  object space 21504K, 25% used [0x00000000bae00000,0x00000000bb36de50,0x00000000bc300000)
Event: 0.683 GC heap after
Heap after GC invocations=1 (full 0):
 PSYoungGen      total 18944K, used 2532K [0x00000000eaa80000, 0x00000000ecf80000, 0x0000000100000000)
  eden space 16384K, 0% used [0x00000000eaa80000,0x00000000eaa80000,0x00000000eba80000)
  from space 2560K, 98% used [0x00000000eba80000,0x00000000ebcf9260,0x00000000ebd00000)
  to   space 2560K, 0% used [0x00000000ecd00000,0x00000000ecd00000,0x00000000ecf80000)
 ParOldGen       total 42496K, used 724K [0x00000000c0000000, 0x00000000c2980000, 0x00000000eaa80000)
  object space 42496K, 1% used [0x00000000c0000000,0x00000000c00b5380,0x00000000c2980000)
 PSPermGen       total 21504K, used 5559K [0x00000000bae00000, 0x00000000bc300000, 0x00000000c0000000)
  object space 21504K, 25% used [0x00000000bae00000,0x00000000bb36de50,0x00000000bc300000)
}

Deoptimization events (1 events):
Event: 0.743 Thread 0x000000000a6ba000 Uncommon trap: reason=null_check action=make_not_entrant pc=0x0000000002bf054c method=com.android.dx.rop.code.LocalItem.equals(Ljava/lang/Object;)Z @ 1

Internal exceptions (10 events):
Event: 0.545 Thread 0x000000000a6bb800 Threw 0x00000000eb746ec8 at C:\re\jdk7u79\2331\hotspot\src\share\vm\prims\jvm.cpp:1304
Event: 0.546 Thread 0x000000000112d800 Threw 0x00000000eb77af08 at C:\re\jdk7u79\2331\hotspot\src\share\vm\prims\jvm.cpp:1304
Event: 0.550 Thread 0x000000000a499800 Threw 0x00000000eb8e8f28 at C:\re\jdk7u79\2331\hotspot\src\share\vm\prims\jvm.cpp:1304
Event: 0.555 Thread 0x000000000a499800 Threw 0x00000000eb8f0a68 at C:\re\jdk7u79\2331\hotspot\src\share\vm\prims\jvm.cpp:1304
Event: 0.617 Thread 0x000000000112d800 Threw 0x00000000eb995bc0 at C:\re\jdk7u79\2331\hotspot\src\share\vm\prims\jvm.cpp:1304
Event: 0.625 Thread 0x000000000a6bb800 Threw 0x00000000eb97b038 at C:\re\jdk7u79\2331\hotspot\src\share\vm\prims\jvm.cpp:1304
Event: 0.707 Thread 0x000000000112d800 Threw 0x00000000eabb4548 at C:\re\jdk7u79\2331\hotspot\src\share\vm\prims\jvm.cpp:1304
Event: 0.709 Thread 0x000000000112d800 Threw 0x00000000eabc1588 at C:\re\jdk7u79\2331\hotspot\src\share\vm\prims\jvm.cpp:1304
Event: 0.718 Thread 0x000000000112d800 Threw 0x00000000eac43980 at C:\re\jdk7u79\2331\hotspot\src\share\vm\prims\jvm.cpp:1304
Event: 0.743 Thread 0x000000000a6ba000 Implicit null exception at 0x0000000002bf01e1 to 0x0000000002bf0531

Events (10 events):
Event: 0.707 loading class 0x000000000a3d2330 done
Event: 0.709 loading class 0x000000000a49d9b0
Event: 0.709 loading class 0x000000000a49d9b0 done
Event: 0.718 loading class 0x000000000a6b08c0
Event: 0.718 loading class 0x000000000a6b08c0 done
Event: 0.743 Thread 0x000000000a6ba000 Uncommon trap: trap_request=0xfffffff4 fr.pc=0x0000000002bf054c
Event: 0.743 Thread 0x000000000a6ba000 DEOPT PACKING pc=0x0000000002bf054c sp=0x000000000ab8e8b0
Event: 0.743 Thread 0x000000000a6ba000 DEOPT UNPACKING pc=0x0000000002ba75a4 sp=0x000000000ab8e7f0 mode 2
Event: 0.850 loading class 0x0000000002ae64a0
Event: 0.850 loading class 0x0000000002ae64a0 done


Dynamic libraries:
0x00007ff622d10000 - 0x00007ff622d43000 	C:\Program Files\Java\jdk1.7.0_79\bin\java.exe
0x00007ff81a410000 - 0x00007ff81a5b9000 	C:\Windows\SYSTEM32\ntdll.dll
0x00007ff819700000 - 0x00007ff819839000 	C:\Windows\system32\KERNEL32.DLL
0x00007ff817960000 - 0x00007ff817a6e000 	C:\Windows\system32\KERNELBASE.dll
0x00007ff8163c0000 - 0x00007ff81644b000 	C:\Windows\system32\apphelp.dll
0x00007ff809db0000 - 0x00007ff809dff000 	C:\Windows\AppPatch\AppPatch64\AcGenral.DLL
0x00007ff81a060000 - 0x00007ff81a107000 	C:\Windows\system32\msvcrt.dll
0x00007ff8175d0000 - 0x00007ff8175fb000 	C:\Windows\SYSTEM32\SspiCli.dll
0x00007ff819980000 - 0x00007ff8199d1000 	C:\Windows\system32\SHLWAPI.dll
0x00007ff819bc0000 - 0x00007ff819d31000 	C:\Windows\system32\USER32.dll
0x00007ff819170000 - 0x00007ff8192e6000 	C:\Windows\system32\ole32.dll
0x00007ff817d60000 - 0x00007ff819170000 	C:\Windows\system32\SHELL32.dll
0x00007ff816e00000 - 0x00007ff816e1f000 	C:\Windows\SYSTEM32\USERENV.dll
0x00007ff819360000 - 0x00007ff819405000 	C:\Windows\system32\ADVAPI32.dll
0x00007ff80fa30000 - 0x00007ff80fa4b000 	C:\Windows\SYSTEM32\MPR.dll
0x00007ff819e10000 - 0x00007ff819f46000 	C:\Windows\system32\RPCRT4.dll
0x00007ff81a3a0000 - 0x00007ff81a3f7000 	C:\Windows\SYSTEM32\sechost.dll
0x00007ff81a1c0000 - 0x00007ff81a397000 	C:\Windows\SYSTEM32\combase.dll
0x00007ff8195b0000 - 0x00007ff8196f5000 	C:\Windows\system32\GDI32.dll
0x00007ff817790000 - 0x00007ff8177a4000 	C:\Windows\SYSTEM32\profapi.dll
0x00007ff815de0000 - 0x00007ff815e81000 	C:\Windows\SYSTEM32\SHCORE.dll
0x00007ff817d00000 - 0x00007ff817d34000 	C:\Windows\system32\IMM32.DLL
0x00007ff819840000 - 0x00007ff819978000 	C:\Windows\system32\MSCTF.dll
0x00007ff8153f0000 - 0x00007ff81564a000 	C:\Windows\WinSxS\amd64_microsoft.windows.common-controls_6595b64144ccf1df_6.0.9600.16384_none_62475f7becb72503\COMCTL32.dll
0x000000005aad0000 - 0x000000005aba2000 	C:\Program Files\Java\jdk1.7.0_79\jre\bin\msvcr100.dll
0x000000005af70000 - 0x000000005b745000 	C:\Program Files\Java\jdk1.7.0_79\jre\bin\server\jvm.dll
0x00007ff815b40000 - 0x00007ff815b49000 	C:\Windows\SYSTEM32\WSOCK32.dll
0x00007ff8153c0000 - 0x00007ff8153df000 	C:\Windows\SYSTEM32\WINMM.dll
0x00007ff819f50000 - 0x00007ff819f57000 	C:\Windows\system32\PSAPI.DLL
0x00007ff81a000000 - 0x00007ff81a058000 	C:\Windows\system32\WS2_32.dll
0x00007ff815390000 - 0x00007ff8153ba000 	C:\Windows\SYSTEM32\WINMMBASE.dll
0x00007ff819d40000 - 0x00007ff819d49000 	C:\Windows\system32\NSI.dll
0x00007ff817910000 - 0x00007ff81795a000 	C:\Windows\SYSTEM32\cfgmgr32.dll
0x00007ff816610000 - 0x00007ff816636000 	C:\Windows\SYSTEM32\DEVOBJ.dll
0x000000005c0c0000 - 0x000000005c0cf000 	C:\Program Files\Java\jdk1.7.0_79\jre\bin\verify.dll
0x000000005af40000 - 0x000000005af68000 	C:\Program Files\Java\jdk1.7.0_79\jre\bin\java.dll
0x000000005af20000 - 0x000000005af35000 	C:\Program Files\Java\jdk1.7.0_79\jre\bin\zip.dll
0x000000005af00000 - 0x000000005af1a000 	C:\Program Files\Java\jdk1.7.0_79\jre\bin\net.dll
0x00007ff817050000 - 0x00007ff8170a8000 	C:\Windows\system32\mswsock.dll
0x000000005aee0000 - 0x000000005aef1000 	C:\Program Files\Java\jdk1.7.0_79\jre\bin\nio.dll

VM Arguments:
jvm_args: -Djava.awt.headless=true -Xmx1024M -Dfile.encoding=windows-1250 -Duser.country=US -Duser.language=en -Duser.variant 
java_command: com.android.dx.command.Main --dex --num-threads=4 --output D:\Scoala\C.S.I.E III - Sem2\Licenta\CodeSource\Ridesharing\app\build\intermediates\pre-dexed\debug\com.google.android.gms-play-services-analytics-8.3.0_ce96f4e1040f585e1c7ffeb5cd6da039bcefc975.jar D:\Scoala\C.S.I.E III - Sem2\Licenta\CodeSource\Ridesharing\app\build\intermediates\exploded-aar\com.google.android.gms\play-services-analytics\8.3.0\jars\classes.jar
Launcher Type: SUN_STANDARD

Environment Variables:
PATH=C:\ProgramData\Oracle\Java\javapath;C:\Program Files (x86)\Intel\iCLS Client\;C:\Program Files\Intel\iCLS Client\;C:\Windows\system32;C:\Windows;C:\Windows\System32\Wbem;C:\Windows\System32\WindowsPowerShell\v1.0\;C:\Program Files (x86)\ATI Technologies\ATI.ACE\Core-Static;C:\Program Files\Intel\Intel(R) Management Engine Components\DAL;C:\Program Files\Intel\Intel(R) Management Engine Components\IPT;C:\Program Files (x86)\Intel\Intel(R) Management Engine Components\DAL;C:\Program Files (x86)\Intel\Intel(R) Management Engine Components\IPT;C:\Program Files (x86)\Windows Kits\8.1\Windows Performance Toolkit\;C:\Program Files\Microsoft SQL Server\110\Tools\Binn\;C:\Program Files (x86)\AMD\ATI.ACE\Core-Static;C:\Program Files (x86)\Windows Live\Shared
USERNAME=Silviu086
OS=Windows_NT
PROCESSOR_IDENTIFIER=Intel64 Family 6 Model 58 Stepping 9, GenuineIntel



---------------  S Y S T E M  ---------------

OS: Windows 8.1 , 64 bit Build 9600 

CPU:total 4 (2 cores per cpu, 2 threads per core) family 6 model 58 stepping 9, cmov, cx8, fxsr, mmx, sse, sse2, sse3, ssse3, sse4.1, sse4.2, popcnt, avx, aes, erms, ht, tsc, tscinvbit, tscinv

Memory: 4k page, physical 4092772k(296764k free), swap 6742792k(5356k free)

vm_info: Java HotSpot(TM) 64-Bit Server VM (24.79-b02) for windows-amd64 JRE (1.7.0_79-b15), built on Apr 10 2015 12:36:16 by "java_re" with unknown MS VC++:1600

time: Thu Jul 07 20:55:48 2016
elapsed time: 0 seconds

